4/10/2017 11:55:10, Info: Verifying archive C:\Christophe\Engineering\Subversion\Partners\Source Code\KNX\KNX v 3.2\Crestron KNX v3.2\CrestronKNXLibrary.clz...
4/10/2017 11:55:11, Info: Saving project information...
4/10/2017 11:55:12, Info: Verifying archive C:\Christophe\Engineering\Subversion\Partners\Source Code\KNX\KNX v 3.2\Crestron KNX v3.2\CrestronKNXLibrary.clz...
4/10/2017 11:55:12, Info: Saving project information...
4/10/2017 11:55:13, Info: Verifying archive C:\Christophe\Engineering\Subversion\Partners\Source Code\KNX\KNX v 3.2\Crestron KNX v3.2\CrestronKNXLibrary.clz...
4/10/2017 11:55:14, Info: Saving project information...
4/10/2017 11:55:16, Info: Commiting verification transaction...
4/10/2017 11:55:16, Info: Saving project information...
4/10/2017 12:02:22, Info: Initializing SIMPLSharp Services...
4/10/2017 12:02:22, Info: ProjectInfo successfully initialized.
4/10/2017 12:02:23, Info: Verifying archive C:\Christophe\Engineering\Subversion\Partners\Source Code\KNX\KNX v 3.2\Crestron KNX v3.2\CrestronKNXLibrary.clz...
4/10/2017 12:02:24, Info: Saving project information...
4/10/2017 12:02:25, Info: Verifying archive C:\Christophe\Engineering\Subversion\Partners\Source Code\KNX\KNX v 3.2\Crestron KNX v3.2\CrestronKNXLibrary.clz...
4/10/2017 12:02:26, Info: Saving project information...
4/10/2017 12:02:27, Info: Verifying archive C:\Christophe\Engineering\Subversion\Partners\Source Code\KNX\KNX v 3.2\Crestron KNX v3.2\CrestronKNXLibrary.clz...
4/10/2017 12:02:28, Info: Saving project information...
4/10/2017 12:02:29, Info: Verifying archive C:\Christophe\Engineering\Subversion\Partners\Source Code\KNX\KNX v 3.2\Crestron KNX v3.2\CrestronKNXLibrary.clz...
4/10/2017 12:02:29, Info: Saving project information...
4/10/2017 12:02:30, Info: Verifying archive C:\Christophe\Engineering\Subversion\Partners\Source Code\KNX\KNX v 3.2\Crestron KNX v3.2\CrestronKNXLibrary.clz...
4/10/2017 12:02:31, Info: Saving project information...
4/10/2017 12:02:32, Info: Verifying archive C:\Christophe\Engineering\Subversion\Partners\Source Code\KNX\KNX v 3.2\Crestron KNX v3.2\CrestronKNXLibrary.clz...
4/10/2017 12:02:33, Info: Saving project information...
4/10/2017 12:02:34, Info: Verifying archive C:\Christophe\Engineering\Subversion\Partners\Source Code\KNX\KNX v 3.2\Crestron KNX v3.2\CrestronKNXLibrary.clz...
4/10/2017 12:02:35, Info: Saving project information...
4/10/2017 12:02:35, Info: Verifying archive C:\Christophe\Engineering\Subversion\Partners\Source Code\KNX\KNX v 3.2\Crestron KNX v3.2\CrestronKNXLibrary.clz...
4/10/2017 12:02:36, Info: Saving project information...
4/10/2017 12:02:37, Info: Verifying archive C:\Christophe\Engineering\Subversion\Partners\Source Code\KNX\KNX v 3.2\Crestron KNX v3.2\CrestronKNXLibrary.clz...
4/10/2017 12:02:38, Info: Saving project information...
4/10/2017 12:02:39, Info: Verifying archive C:\Christophe\Engineering\Subversion\Partners\Source Code\KNX\KNX v 3.2\Crestron KNX v3.2\CrestronKNXLibrary.clz...
4/10/2017 12:02:40, Info: Saving project information...
4/10/2017 12:02:41, Info: Verifying archive C:\Christophe\Engineering\Subversion\Partners\Source Code\KNX\KNX v 3.2\Crestron KNX v3.2\CrestronKNXLibrary.clz...
4/10/2017 12:02:41, Info: Saving project information...
4/10/2017 12:02:42, Info: Verifying archive C:\Christophe\Engineering\Subversion\Partners\Source Code\KNX\KNX v 3.2\Crestron KNX v3.2\CrestronKNXLibrary.clz...
4/10/2017 12:02:43, Info: Saving project information...
4/10/2017 12:02:44, Info: Commiting verification transaction...
4/10/2017 12:02:44, Info: Saving project information...
4/10/2017 12:05:28, Info: Initializing SIMPLSharp Services...
4/10/2017 12:05:28, Info: ProjectInfo successfully initialized.
4/10/2017 12:05:29, Info: Verifying archive C:\Christophe\Engineering\Subversion\Partners\Source Code\KNX\KNX v 3.2\Crestron KNX v3.2\CrestronKNXLibrary.clz...
4/10/2017 12:05:30, Info: Saving project information...
4/10/2017 12:05:31, Info: Verifying archive C:\Christophe\Engineering\Subversion\Partners\Source Code\KNX\KNX v 3.2\Crestron KNX v3.2\CrestronKNXLibrary.clz...
4/10/2017 12:05:31, Info: Saving project information...
4/10/2017 12:05:32, Info: Verifying archive C:\Christophe\Engineering\Subversion\Partners\Source Code\KNX\KNX v 3.2\Crestron KNX v3.2\CrestronKNXLibrary.clz...
4/10/2017 12:05:33, Info: Saving project information...
4/10/2017 12:05:34, Info: Verifying archive C:\Christophe\Engineering\Subversion\Partners\Source Code\KNX\KNX v 3.2\Crestron KNX v3.2\CrestronKNXLibrary.clz...
4/10/2017 12:05:35, Info: Saving project information...
4/10/2017 12:05:36, Info: Verifying archive C:\Christophe\Engineering\Subversion\Partners\Source Code\KNX\KNX v 3.2\Crestron KNX v3.2\CrestronKNXLibrary.clz...
4/10/2017 12:05:37, Info: Saving project information...
4/10/2017 12:05:38, Info: Verifying archive C:\Christophe\Engineering\Subversion\Partners\Source Code\KNX\KNX v 3.2\Crestron KNX v3.2\CrestronKNXLibrary.clz...
4/10/2017 12:05:38, Info: Saving project information...
4/10/2017 12:05:39, Info: Verifying archive C:\Christophe\Engineering\Subversion\Partners\Source Code\KNX\KNX v 3.2\Crestron KNX v3.2\CrestronKNXLibrary.clz...
4/10/2017 12:05:40, Info: Saving project information...
4/10/2017 12:05:41, Info: Verifying archive C:\Christophe\Engineering\Subversion\Partners\Source Code\KNX\KNX v 3.2\Crestron KNX v3.2\CrestronKNXLibrary.clz...
4/10/2017 12:05:42, Info: Saving project information...
4/10/2017 12:05:43, Info: Verifying archive C:\Christophe\Engineering\Subversion\Partners\Source Code\KNX\KNX v 3.2\Crestron KNX v3.2\CrestronKNXLibrary.clz...
4/10/2017 12:05:44, Info: Saving project information...
4/10/2017 12:05:44, Info: Verifying archive C:\Christophe\Engineering\Subversion\Partners\Source Code\KNX\KNX v 3.2\Crestron KNX v3.2\CrestronKNXLibrary.clz...
4/10/2017 12:05:45, Info: Saving project information...
4/10/2017 12:05:46, Info: Verifying archive C:\Christophe\Engineering\Subversion\Partners\Source Code\KNX\KNX v 3.2\Crestron KNX v3.2\CrestronKNXLibrary.clz...
4/10/2017 12:05:47, Info: Saving project information...
4/10/2017 12:05:48, Info: Verifying archive C:\Christophe\Engineering\Subversion\Partners\Source Code\KNX\KNX v 3.2\Crestron KNX v3.2\CrestronKNXLibrary.clz...
4/10/2017 12:05:49, Info: Saving project information...
4/10/2017 12:05:50, Info: Commiting verification transaction...
4/10/2017 12:05:50, Info: Saving project information...
4/10/2017 12:11:43, Info: Initializing SIMPLSharp Services...
4/10/2017 12:11:43, Info: ProjectInfo successfully initialized.
4/10/2017 12:11:44, Info: Verifying archive C:\Christophe\Engineering\Subversion\Partners\Source Code\KNX\KNX v 3.2\Crestron KNX v3.2\CrestronKNXLibrary.clz...
4/10/2017 12:11:45, Info: Saving project information...
4/10/2017 12:11:46, Info: Verifying archive C:\Christophe\Engineering\Subversion\Partners\Source Code\KNX\KNX v 3.2\Crestron KNX v3.2\CrestronKNXLibrary.clz...
4/10/2017 12:11:47, Info: Saving project information...
4/10/2017 12:11:48, Info: Verifying archive C:\Christophe\Engineering\Subversion\Partners\Source Code\KNX\KNX v 3.2\Crestron KNX v3.2\CrestronKNXLibrary.clz...
4/10/2017 12:11:49, Info: Saving project information...
4/10/2017 12:11:50, Info: Verifying archive C:\Christophe\Engineering\Subversion\Partners\Source Code\KNX\KNX v 3.2\Crestron KNX v3.2\CrestronKNXLibrary.clz...
4/10/2017 12:11:51, Info: Saving project information...
4/10/2017 12:11:52, Info: Verifying archive C:\Christophe\Engineering\Subversion\Partners\Source Code\KNX\KNX v 3.2\Crestron KNX v3.2\CrestronKNXLibrary.clz...
4/10/2017 12:11:52, Info: Saving project information...
4/10/2017 12:11:53, Info: Verifying archive C:\Christophe\Engineering\Subversion\Partners\Source Code\KNX\KNX v 3.2\Crestron KNX v3.2\CrestronKNXLibrary.clz...
4/10/2017 12:11:54, Info: Saving project information...
4/10/2017 12:11:55, Info: Verifying archive C:\Christophe\Engineering\Subversion\Partners\Source Code\KNX\KNX v 3.2\Crestron KNX v3.2\CrestronKNXLibrary.clz...
4/10/2017 12:11:56, Info: Saving project information...
4/10/2017 12:11:57, Info: Verifying archive C:\Christophe\Engineering\Subversion\Partners\Source Code\KNX\KNX v 3.2\Crestron KNX v3.2\CrestronKNXLibrary.clz...
4/10/2017 12:11:57, Info: Saving project information...
4/10/2017 12:11:58, Info: Verifying archive C:\Christophe\Engineering\Subversion\Partners\Source Code\KNX\KNX v 3.2\Crestron KNX v3.2\CrestronKNXLibrary.clz...
4/10/2017 12:11:59, Info: Saving project information...
4/10/2017 12:12:00, Info: Verifying archive C:\Christophe\Engineering\Subversion\Partners\Source Code\KNX\KNX v 3.2\Crestron KNX v3.2\CrestronKNXLibrary.clz...
4/10/2017 12:12:01, Info: Saving project information...
4/10/2017 12:12:02, Info: Verifying archive C:\Christophe\Engineering\Subversion\Partners\Source Code\KNX\KNX v 3.2\Crestron KNX v3.2\CrestronKNXLibrary.clz...
4/10/2017 12:12:03, Info: Saving project information...
4/10/2017 12:12:04, Info: Verifying archive C:\Christophe\Engineering\Subversion\Partners\Source Code\KNX\KNX v 3.2\Crestron KNX v3.2\CrestronKNXLibrary.clz...
4/10/2017 12:12:05, Info: Saving project information...
4/10/2017 12:12:06, Info: Commiting verification transaction...
4/10/2017 12:12:06, Info: Saving project information...
4/10/2017 12:25:31, Info: Initializing SIMPLSharp Services...
4/10/2017 12:25:31, Info: ProjectInfo successfully initialized.
4/10/2017 12:25:32, Info: Verifying archive C:\Christophe\Engineering\Subversion\Partners\Source Code\KNX\KNX v 3.2\Crestron KNX v3.2\CrestronKNXLibrary.clz...
4/10/2017 12:25:33, Info: Saving project information...
4/10/2017 12:25:34, Info: Verifying archive C:\Christophe\Engineering\Subversion\Partners\Source Code\KNX\KNX v 3.2\Crestron KNX v3.2\CrestronKNXLibrary.clz...
4/10/2017 12:25:34, Info: Saving project information...
4/10/2017 12:25:35, Info: Verifying archive C:\Christophe\Engineering\Subversion\Partners\Source Code\KNX\KNX v 3.2\Crestron KNX v3.2\CrestronKNXLibrary.clz...
4/10/2017 12:25:36, Info: Saving project information...
4/10/2017 12:25:37, Info: Verifying archive C:\Christophe\Engineering\Subversion\Partners\Source Code\KNX\KNX v 3.2\Crestron KNX v3.2\CrestronKNXLibrary.clz...
4/10/2017 12:25:38, Info: Saving project information...
4/10/2017 12:25:39, Info: Verifying archive C:\Christophe\Engineering\Subversion\Partners\Source Code\KNX\KNX v 3.2\Crestron KNX v3.2\CrestronKNXLibrary.clz...
4/10/2017 12:25:40, Info: Saving project information...
4/10/2017 12:25:41, Info: Verifying archive C:\Christophe\Engineering\Subversion\Partners\Source Code\KNX\KNX v 3.2\Crestron KNX v3.2\CrestronKNXLibrary.clz...
4/10/2017 12:25:41, Info: Saving project information...
4/10/2017 12:25:42, Info: Verifying archive C:\Christophe\Engineering\Subversion\Partners\Source Code\KNX\KNX v 3.2\Crestron KNX v3.2\CrestronKNXLibrary.clz...
4/10/2017 12:25:43, Info: Saving project information...
4/10/2017 12:25:44, Info: Verifying archive C:\Christophe\Engineering\Subversion\Partners\Source Code\KNX\KNX v 3.2\Crestron KNX v3.2\CrestronKNXLibrary.clz...
4/10/2017 12:25:45, Info: Saving project information...
4/10/2017 12:25:46, Info: Verifying archive C:\Christophe\Engineering\Subversion\Partners\Source Code\KNX\KNX v 3.2\Crestron KNX v3.2\CrestronKNXLibrary.clz...
4/10/2017 12:25:47, Info: Saving project information...
4/10/2017 12:25:48, Info: Verifying archive C:\Christophe\Engineering\Subversion\Partners\Source Code\KNX\KNX v 3.2\Crestron KNX v3.2\CrestronKNXLibrary.clz...
4/10/2017 12:25:49, Info: Saving project information...
4/10/2017 12:25:50, Info: Verifying archive C:\Christophe\Engineering\Subversion\Partners\Source Code\KNX\KNX v 3.2\Crestron KNX v3.2\CrestronKNXLibrary.clz...
4/10/2017 12:25:51, Info: Saving project information...
4/10/2017 12:25:52, Info: Verifying archive C:\Christophe\Engineering\Subversion\Partners\Source Code\KNX\KNX v 3.2\Crestron KNX v3.2\CrestronKNXLibrary.clz...
4/10/2017 12:25:53, Info: Saving project information...
4/10/2017 12:25:54, Info: Commiting verification transaction...
4/10/2017 12:25:54, Info: Saving project information...
4/10/2017 13:02:16, Info: Initializing SIMPLSharp Services...
4/10/2017 13:02:16, Info: ProjectInfo successfully initialized.
4/10/2017 13:02:16, Info: Verifying archive C:\Christophe\Engineering\Subversion\Partners\Source Code\KNX\KNX v 3.2\Crestron KNX v3.2\CrestronKNXLibrary.clz...
4/10/2017 13:02:17, Info: Saving project information...
4/10/2017 13:02:18, Info: Verifying archive C:\Christophe\Engineering\Subversion\Partners\Source Code\KNX\KNX v 3.2\Crestron KNX v3.2\CrestronKNXLibrary.clz...
4/10/2017 13:02:19, Info: Saving project information...
4/10/2017 13:02:20, Info: Verifying archive C:\Christophe\Engineering\Subversion\Partners\Source Code\KNX\KNX v 3.2\Crestron KNX v3.2\CrestronKNXLibrary.clz...
4/10/2017 13:02:21, Info: Saving project information...
4/10/2017 13:02:22, Info: Verifying archive C:\Christophe\Engineering\Subversion\Partners\Source Code\KNX\KNX v 3.2\Crestron KNX v3.2\CrestronKNXLibrary.clz...
4/10/2017 13:02:22, Info: Saving project information...
4/10/2017 13:02:23, Info: Verifying archive C:\Christophe\Engineering\Subversion\Partners\Source Code\KNX\KNX v 3.2\Crestron KNX v3.2\CrestronKNXLibrary.clz...
4/10/2017 13:02:24, Info: Saving project information...
4/10/2017 13:02:25, Info: Verifying archive C:\Christophe\Engineering\Subversion\Partners\Source Code\KNX\KNX v 3.2\Crestron KNX v3.2\CrestronKNXLibrary.clz...
4/10/2017 13:02:26, Info: Saving project information...
4/10/2017 13:02:27, Info: Verifying archive C:\Christophe\Engineering\Subversion\Partners\Source Code\KNX\KNX v 3.2\Crestron KNX v3.2\CrestronKNXLibrary.clz...
4/10/2017 13:02:28, Info: Saving project information...
4/10/2017 13:02:29, Info: Verifying archive C:\Christophe\Engineering\Subversion\Partners\Source Code\KNX\KNX v 3.2\Crestron KNX v3.2\CrestronKNXLibrary.clz...
4/10/2017 13:02:29, Info: Saving project information...
4/10/2017 13:02:30, Info: Verifying archive C:\Christophe\Engineering\Subversion\Partners\Source Code\KNX\KNX v 3.2\Crestron KNX v3.2\CrestronKNXLibrary.clz...
4/10/2017 13:02:31, Info: Saving project information...
4/10/2017 13:02:32, Info: Verifying archive C:\Christophe\Engineering\Subversion\Partners\Source Code\KNX\KNX v 3.2\Crestron KNX v3.2\CrestronKNXLibrary.clz...
4/10/2017 13:02:33, Info: Saving project information...
4/10/2017 13:02:34, Info: Verifying archive C:\Christophe\Engineering\Subversion\Partners\Source Code\KNX\KNX v 3.2\Crestron KNX v3.2\CrestronKNXLibrary.clz...
4/10/2017 13:02:35, Info: Saving project information...
4/10/2017 13:02:35, Info: Verifying archive C:\Christophe\Engineering\Subversion\Partners\Source Code\KNX\KNX v 3.2\Crestron KNX v3.2\CrestronKNXLibrary.clz...
4/10/2017 13:02:36, Info: Saving project information...
4/10/2017 13:02:38, Info: Commiting verification transaction...
4/10/2017 13:02:38, Info: Saving project information...
4/10/2017 13:15:08, Info: Initializing SIMPLSharp Services...
4/10/2017 13:15:08, Info: ProjectInfo successfully initialized.
4/10/2017 13:15:10, Info: Verifying archive C:\Christophe\Engineering\Subversion\Partners\Source Code\KNX\KNX v 3.2\Crestron KNX v3.2\CrestronKNXLibrary.clz...
4/10/2017 13:15:11, Info: Saving project information...
4/10/2017 13:15:11, Info: Verifying archive C:\Christophe\Engineering\Subversion\Partners\Source Code\KNX\KNX v 3.2\Crestron KNX v3.2\CrestronKNXLibrary.clz...
4/10/2017 13:15:12, Info: Saving project information...
4/10/2017 13:15:13, Info: Verifying archive C:\Christophe\Engineering\Subversion\Partners\Source Code\KNX\KNX v 3.2\Crestron KNX v3.2\CrestronKNXLibrary.clz...
4/10/2017 13:15:14, Info: Saving project information...
4/10/2017 13:15:15, Info: Verifying archive C:\Christophe\Engineering\Subversion\Partners\Source Code\KNX\KNX v 3.2\Crestron KNX v3.2\CrestronKNXLibrary.clz...
4/10/2017 13:15:16, Info: Saving project information...
4/10/2017 13:15:17, Info: Verifying archive C:\Christophe\Engineering\Subversion\Partners\Source Code\KNX\KNX v 3.2\Crestron KNX v3.2\CrestronKNXLibrary.clz...
4/10/2017 13:15:18, Info: Saving project information...
4/10/2017 13:15:19, Info: Verifying archive C:\Christophe\Engineering\Subversion\Partners\Source Code\KNX\KNX v 3.2\Crestron KNX v3.2\CrestronKNXLibrary.clz...
