3/10/2017 12:00:10, Info: Initializing SIMPLSharp Services...
3/10/2017 12:00:10, Info: ProjectInfo successfully initialized.
3/10/2017 12:00:12, Info: Verifying archive C:\Christophe\Engineering\Subversion\Partners\Source Code\KNX\KNX v 3.2\Crestron KNX v3.2\CrestronKNXLibrary.clz...
3/10/2017 12:00:19, Info: Saving project information...
3/10/2017 12:00:27, Info: Verifying archive C:\Christophe\Engineering\Subversion\Partners\Source Code\KNX\KNX v 3.2\Crestron KNX v3.2\CrestronKNXLibrary.clz...
3/10/2017 12:00:34, Info: Saving project information...
3/10/2017 12:00:41, Info: Verifying archive C:\Christophe\Engineering\Subversion\Partners\Source Code\KNX\KNX v 3.2\Crestron KNX v3.2\CrestronKNXLibrary.clz...
3/10/2017 12:00:48, Info: Saving project information...
3/10/2017 12:00:56, Info: Verifying archive C:\Christophe\Engineering\Subversion\Partners\Source Code\KNX\KNX v 3.2\Crestron KNX v3.2\CrestronKNXLibrary.clz...
3/10/2017 12:01:03, Info: Saving project information...
3/10/2017 12:01:10, Info: Verifying archive C:\Christophe\Engineering\Subversion\Partners\Source Code\KNX\KNX v 3.2\Crestron KNX v3.2\CrestronKNXLibrary.clz...
3/10/2017 12:01:17, Info: Saving project information...
3/10/2017 12:01:24, Info: Verifying archive C:\Christophe\Engineering\Subversion\Partners\Source Code\KNX\KNX v 3.2\Crestron KNX v3.2\CrestronKNXLibrary.clz...
3/10/2017 12:01:31, Info: Saving project information...
3/10/2017 12:01:39, Info: Verifying archive C:\Christophe\Engineering\Subversion\Partners\Source Code\KNX\KNX v 3.2\Crestron KNX v3.2\CrestronKNXLibrary.clz...
3/10/2017 12:01:46, Info: Saving project information...
3/10/2017 12:01:53, Info: Verifying archive C:\Christophe\Engineering\Subversion\Partners\Source Code\KNX\KNX v 3.2\Crestron KNX v3.2\CrestronKNXLibrary.clz...
3/10/2017 12:02:00, Info: Saving project information...
3/10/2017 12:02:07, Info: Verifying archive C:\Christophe\Engineering\Subversion\Partners\Source Code\KNX\KNX v 3.2\Crestron KNX v3.2\CrestronKNXLibrary.clz...
3/10/2017 12:02:14, Info: Saving project information...
3/10/2017 12:02:21, Info: Verifying archive C:\Christophe\Engineering\Subversion\Partners\Source Code\KNX\KNX v 3.2\Crestron KNX v3.2\CrestronKNXLibrary.clz...
3/10/2017 12:02:28, Info: Saving project information...
3/10/2017 12:02:36, Info: Verifying archive C:\Christophe\Engineering\Subversion\Partners\Source Code\KNX\KNX v 3.2\Crestron KNX v3.2\CrestronKNXLibrary.clz...
3/10/2017 12:02:43, Info: Saving project information...
3/10/2017 12:02:50, Info: Verifying archive C:\Christophe\Engineering\Subversion\Partners\Source Code\KNX\KNX v 3.2\Crestron KNX v3.2\CrestronKNXLibrary.clz...
3/10/2017 12:02:57, Info: Saving project information...
3/10/2017 12:03:05, Info: Commiting verification transaction...
3/10/2017 12:03:05, Info: Saving project information...
3/10/2017 12:03:20, Info: Terminating SIMPLSharp Services
