4/10/2017 14:05:41, Info: Saving project information...
4/10/2017 14:05:42, Info: Verifying archive C:\Christophe\Engineering\Subversion\Partners\Source Code\KNX\KNX v 3.2\Crestron KNX v3.2\CrestronKNXLibrary.clz...
4/10/2017 14:05:43, Info: Saving project information...
4/10/2017 14:05:44, Info: Verifying archive C:\Christophe\Engineering\Subversion\Partners\Source Code\KNX\KNX v 3.2\Crestron KNX v3.2\CrestronKNXLibrary.clz...
4/10/2017 14:05:45, Info: Saving project information...
4/10/2017 14:05:46, Info: Verifying archive C:\Christophe\Engineering\Subversion\Partners\Source Code\KNX\KNX v 3.2\Crestron KNX v3.2\CrestronKNXLibrary.clz...
4/10/2017 14:05:47, Info: Saving project information...
4/10/2017 14:05:47, Info: Verifying archive C:\Christophe\Engineering\Subversion\Partners\Source Code\KNX\KNX v 3.2\Crestron KNX v3.2\CrestronKNXLibrary.clz...
4/10/2017 14:05:48, Info: Saving project information...
4/10/2017 14:05:49, Info: Verifying archive C:\Christophe\Engineering\Subversion\Partners\Source Code\KNX\KNX v 3.2\Crestron KNX v3.2\CrestronKNXLibrary.clz...
4/10/2017 14:05:50, Info: Saving project information...
4/10/2017 14:05:51, Info: Verifying archive C:\Christophe\Engineering\Subversion\Partners\Source Code\KNX\KNX v 3.2\Crestron KNX v3.2\CrestronKNXLibrary.clz...
4/10/2017 14:05:52, Info: Saving project information...
4/10/2017 14:05:53, Info: Verifying archive C:\Christophe\Engineering\Subversion\Partners\Source Code\KNX\KNX v 3.2\Crestron KNX v3.2\CrestronKNXLibrary.clz...
4/10/2017 14:05:53, Info: Saving project information...
4/10/2017 14:05:54, Info: Verifying archive C:\Christophe\Engineering\Subversion\Partners\Source Code\KNX\KNX v 3.2\Crestron KNX v3.2\CrestronKNXLibrary.clz...
4/10/2017 14:05:55, Info: Saving project information...
4/10/2017 14:05:56, Info: Verifying archive C:\Christophe\Engineering\Subversion\Partners\Source Code\KNX\KNX v 3.2\Crestron KNX v3.2\CrestronKNXLibrary.clz...
4/10/2017 14:05:57, Info: Saving project information...
4/10/2017 14:05:58, Info: Commiting verification transaction...
4/10/2017 14:05:58, Info: Saving project information...
4/10/2017 14:08:24, Info: Initializing SIMPLSharp Services...
4/10/2017 14:08:24, Info: ProjectInfo successfully initialized.
4/10/2017 14:08:25, Info: Verifying archive C:\Christophe\Engineering\Subversion\Partners\Source Code\KNX\KNX v 3.2\Crestron KNX v3.2\CrestronKNXLibrary.clz...
4/10/2017 14:08:26, Info: Saving project information...
4/10/2017 14:08:27, Info: Verifying archive C:\Christophe\Engineering\Subversion\Partners\Source Code\KNX\KNX v 3.2\Crestron KNX v3.2\CrestronKNXLibrary.clz...
4/10/2017 14:08:28, Info: Saving project information...
4/10/2017 14:08:29, Info: Verifying archive C:\Christophe\Engineering\Subversion\Partners\Source Code\KNX\KNX v 3.2\Crestron KNX v3.2\CrestronKNXLibrary.clz...
4/10/2017 14:08:29, Info: Saving project information...
4/10/2017 14:08:30, Info: Verifying archive C:\Christophe\Engineering\Subversion\Partners\Source Code\KNX\KNX v 3.2\Crestron KNX v3.2\CrestronKNXLibrary.clz...
4/10/2017 14:08:31, Info: Saving project information...
4/10/2017 14:08:32, Info: Verifying archive C:\Christophe\Engineering\Subversion\Partners\Source Code\KNX\KNX v 3.2\Crestron KNX v3.2\CrestronKNXLibrary.clz...
4/10/2017 14:08:33, Info: Saving project information...
4/10/2017 14:08:34, Info: Verifying archive C:\Christophe\Engineering\Subversion\Partners\Source Code\KNX\KNX v 3.2\Crestron KNX v3.2\CrestronKNXLibrary.clz...
4/10/2017 14:08:35, Info: Saving project information...
4/10/2017 14:08:36, Info: Verifying archive C:\Christophe\Engineering\Subversion\Partners\Source Code\KNX\KNX v 3.2\Crestron KNX v3.2\CrestronKNXLibrary.clz...
4/10/2017 14:08:36, Info: Saving project information...
4/10/2017 14:08:37, Info: Verifying archive C:\Christophe\Engineering\Subversion\Partners\Source Code\KNX\KNX v 3.2\Crestron KNX v3.2\CrestronKNXLibrary.clz...
4/10/2017 14:08:38, Info: Saving project information...
4/10/2017 14:08:39, Info: Verifying archive C:\Christophe\Engineering\Subversion\Partners\Source Code\KNX\KNX v 3.2\Crestron KNX v3.2\CrestronKNXLibrary.clz...
4/10/2017 14:08:40, Info: Saving project information...
4/10/2017 14:08:41, Info: Verifying archive C:\Christophe\Engineering\Subversion\Partners\Source Code\KNX\KNX v 3.2\Crestron KNX v3.2\CrestronKNXLibrary.clz...
4/10/2017 14:08:42, Info: Saving project information...
4/10/2017 14:08:42, Info: Verifying archive C:\Christophe\Engineering\Subversion\Partners\Source Code\KNX\KNX v 3.2\Crestron KNX v3.2\CrestronKNXLibrary.clz...
4/10/2017 14:08:43, Info: Saving project information...
4/10/2017 14:08:44, Info: Verifying archive C:\Christophe\Engineering\Subversion\Partners\Source Code\KNX\KNX v 3.2\Crestron KNX v3.2\CrestronKNXLibrary.clz...
4/10/2017 14:08:45, Info: Saving project information...
4/10/2017 14:08:46, Info: Commiting verification transaction...
4/10/2017 14:08:46, Info: Saving project information...
4/10/2017 14:13:04, Info: Initializing SIMPLSharp Services...
4/10/2017 14:13:04, Info: ProjectInfo successfully initialized.
4/10/2017 14:13:06, Info: Verifying archive C:\Christophe\Engineering\Subversion\Partners\Source Code\KNX\KNX v 3.2\Crestron KNX v3.2\CrestronKNXLibrary.clz...
4/10/2017 14:13:07, Info: Saving project information...
4/10/2017 14:13:08, Info: Verifying archive C:\Christophe\Engineering\Subversion\Partners\Source Code\KNX\KNX v 3.2\Crestron KNX v3.2\CrestronKNXLibrary.clz...
4/10/2017 14:13:09, Info: Saving project information...
4/10/2017 14:13:10, Info: Verifying archive C:\Christophe\Engineering\Subversion\Partners\Source Code\KNX\KNX v 3.2\Crestron KNX v3.2\CrestronKNXLibrary.clz...
4/10/2017 14:13:11, Info: Saving project information...
4/10/2017 14:13:12, Info: Verifying archive C:\Christophe\Engineering\Subversion\Partners\Source Code\KNX\KNX v 3.2\Crestron KNX v3.2\CrestronKNXLibrary.clz...
4/10/2017 14:13:12, Info: Saving project information...
4/10/2017 14:13:13, Info: Verifying archive C:\Christophe\Engineering\Subversion\Partners\Source Code\KNX\KNX v 3.2\Crestron KNX v3.2\CrestronKNXLibrary.clz...
4/10/2017 14:13:14, Info: Saving project information...
4/10/2017 14:13:15, Info: Verifying archive C:\Christophe\Engineering\Subversion\Partners\Source Code\KNX\KNX v 3.2\Crestron KNX v3.2\CrestronKNXLibrary.clz...
4/10/2017 14:13:16, Info: Saving project information...
4/10/2017 14:13:17, Info: Verifying archive C:\Christophe\Engineering\Subversion\Partners\Source Code\KNX\KNX v 3.2\Crestron KNX v3.2\CrestronKNXLibrary.clz...
4/10/2017 14:13:18, Info: Saving project information...
4/10/2017 14:13:18, Info: Verifying archive C:\Christophe\Engineering\Subversion\Partners\Source Code\KNX\KNX v 3.2\Crestron KNX v3.2\CrestronKNXLibrary.clz...
4/10/2017 14:13:19, Info: Saving project information...
4/10/2017 14:13:20, Info: Verifying archive C:\Christophe\Engineering\Subversion\Partners\Source Code\KNX\KNX v 3.2\Crestron KNX v3.2\CrestronKNXLibrary.clz...
4/10/2017 14:13:21, Info: Saving project information...
4/10/2017 14:13:22, Info: Verifying archive C:\Christophe\Engineering\Subversion\Partners\Source Code\KNX\KNX v 3.2\Crestron KNX v3.2\CrestronKNXLibrary.clz...
4/10/2017 14:13:23, Info: Saving project information...
4/10/2017 14:13:24, Info: Verifying archive C:\Christophe\Engineering\Subversion\Partners\Source Code\KNX\KNX v 3.2\Crestron KNX v3.2\CrestronKNXLibrary.clz...
4/10/2017 14:13:24, Info: Saving project information...
4/10/2017 14:13:25, Info: Verifying archive C:\Christophe\Engineering\Subversion\Partners\Source Code\KNX\KNX v 3.2\Crestron KNX v3.2\CrestronKNXLibrary.clz...
4/10/2017 14:13:26, Info: Saving project information...
4/10/2017 14:13:28, Info: Commiting verification transaction...
4/10/2017 14:13:28, Info: Saving project information...
4/10/2017 14:56:00, Info: Initializing SIMPLSharp Services...
4/10/2017 14:56:00, Info: ProjectInfo successfully initialized.
4/10/2017 14:56:02, Info: Verifying archive C:\Christophe\Engineering\Subversion\Partners\Source Code\KNX\KNX v 3.2\Crestron KNX v3.2\CrestronKNXLibrary.clz...
4/10/2017 14:56:03, Info: Saving project information...
4/10/2017 14:56:04, Info: Verifying archive C:\Christophe\Engineering\Subversion\Partners\Source Code\KNX\KNX v 3.2\Crestron KNX v3.2\CrestronKNXLibrary.clz...
4/10/2017 14:56:05, Info: Saving project information...
4/10/2017 14:56:06, Info: Verifying archive C:\Christophe\Engineering\Subversion\Partners\Source Code\KNX\KNX v 3.2\Crestron KNX v3.2\CrestronKNXLibrary.clz...
4/10/2017 14:56:06, Info: Saving project information...
4/10/2017 14:56:07, Info: Verifying archive C:\Christophe\Engineering\Subversion\Partners\Source Code\KNX\KNX v 3.2\Crestron KNX v3.2\CrestronKNXLibrary.clz...
4/10/2017 14:56:08, Info: Saving project information...
4/10/2017 14:56:09, Info: Verifying archive C:\Christophe\Engineering\Subversion\Partners\Source Code\KNX\KNX v 3.2\Crestron KNX v3.2\CrestronKNXLibrary.clz...
4/10/2017 14:56:10, Info: Saving project information...
4/10/2017 14:56:11, Info: Verifying archive C:\Christophe\Engineering\Subversion\Partners\Source Code\KNX\KNX v 3.2\Crestron KNX v3.2\CrestronKNXLibrary.clz...
4/10/2017 14:56:12, Info: Saving project information...
4/10/2017 14:56:13, Info: Verifying archive C:\Christophe\Engineering\Subversion\Partners\Source Code\KNX\KNX v 3.2\Crestron KNX v3.2\CrestronKNXLibrary.clz...
4/10/2017 14:56:13, Info: Saving project information...
4/10/2017 14:56:14, Info: Verifying archive C:\Christophe\Engineering\Subversion\Partners\Source Code\KNX\KNX v 3.2\Crestron KNX v3.2\CrestronKNXLibrary.clz...
4/10/2017 14:56:15, Info: Saving project information...
4/10/2017 14:56:16, Info: Verifying archive C:\Christophe\Engineering\Subversion\Partners\Source Code\KNX\KNX v 3.2\Crestron KNX v3.2\CrestronKNXLibrary.clz...
4/10/2017 14:56:17, Info: Saving project information...
4/10/2017 14:56:18, Info: Verifying archive C:\Christophe\Engineering\Subversion\Partners\Source Code\KNX\KNX v 3.2\Crestron KNX v3.2\CrestronKNXLibrary.clz...
4/10/2017 14:56:19, Info: Saving project information...
4/10/2017 14:56:20, Info: Verifying archive C:\Christophe\Engineering\Subversion\Partners\Source Code\KNX\KNX v 3.2\Crestron KNX v3.2\CrestronKNXLibrary.clz...
4/10/2017 14:56:20, Info: Saving project information...
4/10/2017 14:56:21, Info: Verifying archive C:\Christophe\Engineering\Subversion\Partners\Source Code\KNX\KNX v 3.2\Crestron KNX v3.2\CrestronKNXLibrary.clz...
4/10/2017 14:56:22, Info: Saving project information...
4/10/2017 14:56:23, Info: Commiting verification transaction...
4/10/2017 14:56:23, Info: Saving project information...
4/10/2017 15:02:55, Info: Initializing SIMPLSharp Services...
4/10/2017 15:02:55, Info: ProjectInfo successfully initialized.
4/10/2017 15:02:56, Info: Verifying archive C:\Christophe\Engineering\Subversion\Partners\Source Code\KNX\KNX v 3.2\Crestron KNX v3.2\CrestronKNXLibrary.clz...
4/10/2017 15:02:57, Info: Saving project information...
4/10/2017 15:02:58, Info: Verifying archive C:\Christophe\Engineering\Subversion\Partners\Source Code\KNX\KNX v 3.2\Crestron KNX v3.2\CrestronKNXLibrary.clz...
4/10/2017 15:02:59, Info: Saving project information...
4/10/2017 15:03:00, Info: Verifying archive C:\Christophe\Engineering\Subversion\Partners\Source Code\KNX\KNX v 3.2\Crestron KNX v3.2\CrestronKNXLibrary.clz...
4/10/2017 15:03:01, Info: Saving project information...
4/10/2017 15:03:01, Info: Verifying archive C:\Christophe\Engineering\Subversion\Partners\Source Code\KNX\KNX v 3.2\Crestron KNX v3.2\CrestronKNXLibrary.clz...
4/10/2017 15:03:02, Info: Saving project information...
4/10/2017 15:03:03, Info: Verifying archive C:\Christophe\Engineering\Subversion\Partners\Source Code\KNX\KNX v 3.2\Crestron KNX v3.2\CrestronKNXLibrary.clz...
4/10/2017 15:03:04, Info: Saving project information...
4/10/2017 15:03:05, Info: Verifying archive C:\Christophe\Engineering\Subversion\Partners\Source Code\KNX\KNX v 3.2\Crestron KNX v3.2\CrestronKNXLibrary.clz...
4/10/2017 15:03:06, Info: Saving project information...
4/10/2017 15:03:07, Info: Verifying archive C:\Christophe\Engineering\Subversion\Partners\Source Code\KNX\KNX v 3.2\Crestron KNX v3.2\CrestronKNXLibrary.clz...
4/10/2017 15:03:07, Info: Saving project information...
4/10/2017 15:03:08, Info: Verifying archive C:\Christophe\Engineering\Subversion\Partners\Source Code\KNX\KNX v 3.2\Crestron KNX v3.2\CrestronKNXLibrary.clz...
4/10/2017 15:03:09, Info: Saving project information...
4/10/2017 15:03:10, Info: Verifying archive C:\Christophe\Engineering\Subversion\Partners\Source Code\KNX\KNX v 3.2\Crestron KNX v3.2\CrestronKNXLibrary.clz...
4/10/2017 15:03:11, Info: Saving project information...
4/10/2017 15:03:12, Info: Verifying archive C:\Christophe\Engineering\Subversion\Partners\Source Code\KNX\KNX v 3.2\Crestron KNX v3.2\CrestronKNXLibrary.clz...
4/10/2017 15:03:13, Info: Saving project information...
4/10/2017 15:03:14, Info: Verifying archive C:\Christophe\Engineering\Subversion\Partners\Source Code\KNX\KNX v 3.2\Crestron KNX v3.2\CrestronKNXLibrary.clz...
4/10/2017 15:03:14, Info: Saving project information...
4/10/2017 15:03:15, Info: Verifying archive C:\Christophe\Engineering\Subversion\Partners\Source Code\KNX\KNX v 3.2\Crestron KNX v3.2\CrestronKNXLibrary.clz...
4/10/2017 15:03:16, Info: Saving project information...
4/10/2017 15:03:18, Info: Commiting verification transaction...
4/10/2017 15:03:18, Info: Saving project information...
4/10/2017 15:15:07, Info: Initializing SIMPLSharp Services...
4/10/2017 15:15:07, Info: ProjectInfo successfully initialized.
4/10/2017 15:15:09, Info: Verifying archive C:\Christophe\Engineering\Subversion\Partners\Source Code\KNX\KNX v 3.2\Crestron KNX v3.2\CrestronKNXLibrary.clz...
4/10/2017 15:15:10, Info: Saving project information...
4/10/2017 15:15:11, Info: Verifying archive C:\Christophe\Engineering\Subversion\Partners\Source Code\KNX\KNX v 3.2\Crestron KNX v3.2\CrestronKNXLibrary.clz...
4/10/2017 15:15:12, Info: Saving project information...
4/10/2017 15:15:13, Info: Verifying archive C:\Christophe\Engineering\Subversion\Partners\Source Code\KNX\KNX v 3.2\Crestron KNX v3.2\CrestronKNXLibrary.clz...
4/10/2017 15:15:14, Info: Saving project information...
4/10/2017 15:15:14, Info: Verifying archive C:\Christophe\Engineering\Subversion\Partners\Source Code\KNX\KNX v 3.2\Crestron KNX v3.2\CrestronKNXLibrary.clz...
4/10/2017 15:15:15, Info: Saving project information...
4/10/2017 15:15:16, Info: Verifying archive C:\Christophe\Engineering\Subversion\Partners\Source Code\KNX\KNX v 3.2\Crestron KNX v3.2\CrestronKNXLibrary.clz...
4/10/2017 15:15:17, Info: Saving project information...
4/10/2017 15:15:18, Info: Verifying archive C:\Christophe\Engineering\Subversion\Partners\Source Code\KNX\KNX v 3.2\Crestron KNX v3.2\CrestronKNXLibrary.clz...
4/10/2017 15:15:19, Info: Saving project information...
4/10/2017 15:15:20, Info: Verifying archive C:\Christophe\Engineering\Subversion\Partners\Source Code\KNX\KNX v 3.2\Crestron KNX v3.2\CrestronKNXLibrary.clz...
4/10/2017 15:15:21, Info: Saving project information...
4/10/2017 15:15:21, Info: Verifying archive C:\Christophe\Engineering\Subversion\Partners\Source Code\KNX\KNX v 3.2\Crestron KNX v3.2\CrestronKNXLibrary.clz...
4/10/2017 15:15:22, Info: Saving project information...
4/10/2017 15:15:23, Info: Verifying archive C:\Christophe\Engineering\Subversion\Partners\Source Code\KNX\KNX v 3.2\Crestron KNX v3.2\CrestronKNXLibrary.clz...
4/10/2017 15:15:24, Info: Saving project information...
4/10/2017 15:15:25, Info: Verifying archive C:\Christophe\Engineering\Subversion\Partners\Source Code\KNX\KNX v 3.2\Crestron KNX v3.2\CrestronKNXLibrary.clz...
4/10/2017 15:15:26, Info: Saving project information...
4/10/2017 15:15:27, Info: Verifying archive C:\Christophe\Engineering\Subversion\Partners\Source Code\KNX\KNX v 3.2\Crestron KNX v3.2\CrestronKNXLibrary.clz...
4/10/2017 15:15:28, Info: Saving project information...
4/10/2017 15:15:28, Info: Verifying archive C:\Christophe\Engineering\Subversion\Partners\Source Code\KNX\KNX v 3.2\Crestron KNX v3.2\CrestronKNXLibrary.clz...
4/10/2017 15:15:29, Info: Saving project information...
4/10/2017 15:15:31, Info: Commiting verification transaction...
