4/10/2017 15:39:40, Info: Saving project information...
4/10/2017 15:39:41, Info: Verifying archive C:\Christophe\Engineering\Subversion\Partners\Source Code\KNX\KNX v 3.2\Crestron KNX v3.2\CrestronKNXLibrary.clz...
4/10/2017 15:39:42, Info: Saving project information...
4/10/2017 15:39:43, Info: Verifying archive C:\Christophe\Engineering\Subversion\Partners\Source Code\KNX\KNX v 3.2\Crestron KNX v3.2\CrestronKNXLibrary.clz...
4/10/2017 15:39:43, Info: Saving project information...
4/10/2017 15:39:44, Info: Verifying archive C:\Christophe\Engineering\Subversion\Partners\Source Code\KNX\KNX v 3.2\Crestron KNX v3.2\CrestronKNXLibrary.clz...
4/10/2017 15:39:45, Info: Saving project information...
4/10/2017 15:39:47, Info: Commiting verification transaction...
4/10/2017 15:39:47, Info: Saving project information...
4/10/2017 15:40:26, Info: Initializing SIMPLSharp Services...
4/10/2017 15:40:26, Info: ProjectInfo successfully initialized.
4/10/2017 15:40:27, Info: Verifying archive C:\Christophe\Engineering\Subversion\Partners\Source Code\KNX\KNX v 3.2\Crestron KNX v3.2\CrestronKNXLibrary.clz...
4/10/2017 15:40:28, Info: Saving project information...
4/10/2017 15:40:29, Info: Verifying archive C:\Christophe\Engineering\Subversion\Partners\Source Code\KNX\KNX v 3.2\Crestron KNX v3.2\CrestronKNXLibrary.clz...
4/10/2017 15:40:29, Info: Saving project information...
4/10/2017 15:40:30, Info: Verifying archive C:\Christophe\Engineering\Subversion\Partners\Source Code\KNX\KNX v 3.2\Crestron KNX v3.2\CrestronKNXLibrary.clz...
4/10/2017 15:40:31, Info: Saving project information...
4/10/2017 15:40:32, Info: Verifying archive C:\Christophe\Engineering\Subversion\Partners\Source Code\KNX\KNX v 3.2\Crestron KNX v3.2\CrestronKNXLibrary.clz...
4/10/2017 15:40:33, Info: Saving project information...
4/10/2017 15:40:34, Info: Verifying archive C:\Christophe\Engineering\Subversion\Partners\Source Code\KNX\KNX v 3.2\Crestron KNX v3.2\CrestronKNXLibrary.clz...
4/10/2017 15:40:35, Info: Saving project information...
4/10/2017 15:40:36, Info: Verifying archive C:\Christophe\Engineering\Subversion\Partners\Source Code\KNX\KNX v 3.2\Crestron KNX v3.2\CrestronKNXLibrary.clz...
4/10/2017 15:40:37, Info: Saving project information...
4/10/2017 15:40:37, Info: Verifying archive C:\Christophe\Engineering\Subversion\Partners\Source Code\KNX\KNX v 3.2\Crestron KNX v3.2\CrestronKNXLibrary.clz...
4/10/2017 15:40:38, Info: Saving project information...
4/10/2017 15:40:39, Info: Verifying archive C:\Christophe\Engineering\Subversion\Partners\Source Code\KNX\KNX v 3.2\Crestron KNX v3.2\CrestronKNXLibrary.clz...
4/10/2017 15:40:40, Info: Saving project information...
4/10/2017 15:40:41, Info: Verifying archive C:\Christophe\Engineering\Subversion\Partners\Source Code\KNX\KNX v 3.2\Crestron KNX v3.2\CrestronKNXLibrary.clz...
4/10/2017 15:40:42, Info: Saving project information...
4/10/2017 15:40:43, Info: Verifying archive C:\Christophe\Engineering\Subversion\Partners\Source Code\KNX\KNX v 3.2\Crestron KNX v3.2\CrestronKNXLibrary.clz...
4/10/2017 15:40:43, Info: Saving project information...
4/10/2017 15:40:44, Info: Verifying archive C:\Christophe\Engineering\Subversion\Partners\Source Code\KNX\KNX v 3.2\Crestron KNX v3.2\CrestronKNXLibrary.clz...
4/10/2017 15:40:45, Info: Saving project information...
4/10/2017 15:40:46, Info: Verifying archive C:\Christophe\Engineering\Subversion\Partners\Source Code\KNX\KNX v 3.2\Crestron KNX v3.2\CrestronKNXLibrary.clz...
4/10/2017 15:40:47, Info: Saving project information...
4/10/2017 15:40:49, Info: Commiting verification transaction...
4/10/2017 15:40:49, Info: Saving project information...
4/10/2017 15:41:34, Info: Initializing SIMPLSharp Services...
4/10/2017 15:41:34, Info: ProjectInfo successfully initialized.
4/10/2017 15:41:34, Info: Verifying archive C:\Christophe\Engineering\Subversion\Partners\Source Code\KNX\KNX v 3.2\Crestron KNX v3.2\CrestronKNXLibrary.clz...
4/10/2017 15:41:36, Info: Saving project information...
4/10/2017 15:41:36, Info: Verifying archive C:\Christophe\Engineering\Subversion\Partners\Source Code\KNX\KNX v 3.2\Crestron KNX v3.2\CrestronKNXLibrary.clz...
4/10/2017 15:41:37, Info: Saving project information...
4/10/2017 15:41:38, Info: Verifying archive C:\Christophe\Engineering\Subversion\Partners\Source Code\KNX\KNX v 3.2\Crestron KNX v3.2\CrestronKNXLibrary.clz...
4/10/2017 15:41:39, Info: Saving project information...
4/10/2017 15:41:40, Info: Verifying archive C:\Christophe\Engineering\Subversion\Partners\Source Code\KNX\KNX v 3.2\Crestron KNX v3.2\CrestronKNXLibrary.clz...
4/10/2017 15:41:41, Info: Saving project information...
4/10/2017 15:41:42, Info: Verifying archive C:\Christophe\Engineering\Subversion\Partners\Source Code\KNX\KNX v 3.2\Crestron KNX v3.2\CrestronKNXLibrary.clz...
4/10/2017 15:41:43, Info: Saving project information...
4/10/2017 15:41:44, Info: Verifying archive C:\Christophe\Engineering\Subversion\Partners\Source Code\KNX\KNX v 3.2\Crestron KNX v3.2\CrestronKNXLibrary.clz...
4/10/2017 15:41:44, Info: Saving project information...
4/10/2017 15:41:45, Info: Verifying archive C:\Christophe\Engineering\Subversion\Partners\Source Code\KNX\KNX v 3.2\Crestron KNX v3.2\CrestronKNXLibrary.clz...
4/10/2017 15:41:46, Info: Saving project information...
4/10/2017 15:41:47, Info: Verifying archive C:\Christophe\Engineering\Subversion\Partners\Source Code\KNX\KNX v 3.2\Crestron KNX v3.2\CrestronKNXLibrary.clz...
4/10/2017 15:41:48, Info: Saving project information...
4/10/2017 15:41:49, Info: Verifying archive C:\Christophe\Engineering\Subversion\Partners\Source Code\KNX\KNX v 3.2\Crestron KNX v3.2\CrestronKNXLibrary.clz...
4/10/2017 15:41:50, Info: Saving project information...
4/10/2017 15:41:51, Info: Verifying archive C:\Christophe\Engineering\Subversion\Partners\Source Code\KNX\KNX v 3.2\Crestron KNX v3.2\CrestronKNXLibrary.clz...
4/10/2017 15:41:51, Info: Saving project information...
4/10/2017 15:41:52, Info: Verifying archive C:\Christophe\Engineering\Subversion\Partners\Source Code\KNX\KNX v 3.2\Crestron KNX v3.2\CrestronKNXLibrary.clz...
4/10/2017 15:41:53, Info: Saving project information...
4/10/2017 15:41:54, Info: Verifying archive C:\Christophe\Engineering\Subversion\Partners\Source Code\KNX\KNX v 3.2\Crestron KNX v3.2\CrestronKNXLibrary.clz...
4/10/2017 15:41:55, Info: Saving project information...
4/10/2017 15:41:57, Info: Commiting verification transaction...
4/10/2017 15:41:57, Info: Saving project information...
4/10/2017 15:42:33, Info: Initializing SIMPLSharp Services...
4/10/2017 15:42:33, Info: ProjectInfo successfully initialized.
4/10/2017 15:42:34, Info: Verifying archive C:\Christophe\Engineering\Subversion\Partners\Source Code\KNX\KNX v 3.2\Crestron KNX v3.2\CrestronKNXLibrary.clz...
4/10/2017 15:42:35, Info: Saving project information...
4/10/2017 15:42:36, Info: Verifying archive C:\Christophe\Engineering\Subversion\Partners\Source Code\KNX\KNX v 3.2\Crestron KNX v3.2\CrestronKNXLibrary.clz...
4/10/2017 15:42:37, Info: Saving project information...
4/10/2017 15:42:38, Info: Verifying archive C:\Christophe\Engineering\Subversion\Partners\Source Code\KNX\KNX v 3.2\Crestron KNX v3.2\CrestronKNXLibrary.clz...
4/10/2017 15:42:38, Info: Saving project information...
4/10/2017 15:42:39, Info: Verifying archive C:\Christophe\Engineering\Subversion\Partners\Source Code\KNX\KNX v 3.2\Crestron KNX v3.2\CrestronKNXLibrary.clz...
4/10/2017 15:42:40, Info: Saving project information...
4/10/2017 15:42:41, Info: Verifying archive C:\Christophe\Engineering\Subversion\Partners\Source Code\KNX\KNX v 3.2\Crestron KNX v3.2\CrestronKNXLibrary.clz...
4/10/2017 15:42:42, Info: Saving project information...
4/10/2017 15:42:43, Info: Verifying archive C:\Christophe\Engineering\Subversion\Partners\Source Code\KNX\KNX v 3.2\Crestron KNX v3.2\CrestronKNXLibrary.clz...
4/10/2017 15:42:44, Info: Saving project information...
4/10/2017 15:42:45, Info: Verifying archive C:\Christophe\Engineering\Subversion\Partners\Source Code\KNX\KNX v 3.2\Crestron KNX v3.2\CrestronKNXLibrary.clz...
4/10/2017 15:42:46, Info: Saving project information...
4/10/2017 15:42:46, Info: Verifying archive C:\Christophe\Engineering\Subversion\Partners\Source Code\KNX\KNX v 3.2\Crestron KNX v3.2\CrestronKNXLibrary.clz...
4/10/2017 15:42:47, Info: Saving project information...
4/10/2017 15:42:48, Info: Verifying archive C:\Christophe\Engineering\Subversion\Partners\Source Code\KNX\KNX v 3.2\Crestron KNX v3.2\CrestronKNXLibrary.clz...
4/10/2017 15:42:49, Info: Saving project information...
4/10/2017 15:42:50, Info: Verifying archive C:\Christophe\Engineering\Subversion\Partners\Source Code\KNX\KNX v 3.2\Crestron KNX v3.2\CrestronKNXLibrary.clz...
4/10/2017 15:42:51, Info: Saving project information...
4/10/2017 15:42:52, Info: Verifying archive C:\Christophe\Engineering\Subversion\Partners\Source Code\KNX\KNX v 3.2\Crestron KNX v3.2\CrestronKNXLibrary.clz...
4/10/2017 15:42:53, Info: Saving project information...
4/10/2017 15:42:53, Info: Verifying archive C:\Christophe\Engineering\Subversion\Partners\Source Code\KNX\KNX v 3.2\Crestron KNX v3.2\CrestronKNXLibrary.clz...
4/10/2017 15:42:54, Info: Saving project information...
4/10/2017 15:42:56, Info: Commiting verification transaction...
4/10/2017 15:42:56, Info: Saving project information...
4/10/2017 15:50:28, Info: Terminating SIMPLSharp Services
4/10/2017 15:50:28, Info: Saving project information...
4/10/2017 15:50:28, Info: Terminating SIMPLSharp Services
4/10/2017 15:50:28, Info: Saving project information...
4/10/2017 15:50:28, Info: Terminating SIMPLSharp Services
4/10/2017 15:50:28, Info: Saving project information...
4/10/2017 15:50:28, Info: Terminating SIMPLSharp Services
4/10/2017 15:50:28, Info: Saving project information...
4/10/2017 15:50:28, Info: Terminating SIMPLSharp Services
4/10/2017 15:50:28, Info: Saving project information...
4/10/2017 15:50:28, Info: Terminating SIMPLSharp Services
4/10/2017 15:50:28, Info: Saving project information...
4/10/2017 15:50:28, Info: Terminating SIMPLSharp Services
4/10/2017 15:50:28, Info: Saving project information...
4/10/2017 15:50:28, Info: Terminating SIMPLSharp Services
4/10/2017 15:50:28, Info: Saving project information...
4/10/2017 15:50:28, Info: Terminating SIMPLSharp Services
4/10/2017 15:50:28, Info: Saving project information...
4/10/2017 15:50:28, Info: Terminating SIMPLSharp Services
4/10/2017 15:50:28, Info: Saving project information...
4/10/2017 15:50:28, Info: Terminating SIMPLSharp Services
4/10/2017 15:50:28, Info: Saving project information...
4/10/2017 15:50:28, Info: Terminating SIMPLSharp Services
4/10/2017 15:50:28, Info: Saving project information...
4/10/2017 15:50:28, Info: Terminating SIMPLSharp Services
4/10/2017 15:50:28, Info: Saving project information...
4/10/2017 15:50:28, Info: Terminating SIMPLSharp Services
4/10/2017 15:50:28, Info: Saving project information...
4/10/2017 15:50:28, Info: Terminating SIMPLSharp Services
4/10/2017 15:50:28, Info: Saving project information...
4/10/2017 15:50:28, Info: Terminating SIMPLSharp Services
4/10/2017 15:50:28, Info: Saving project information...
4/10/2017 15:50:28, Info: Terminating SIMPLSharp Services
4/10/2017 15:50:28, Info: Saving project information...
4/10/2017 15:50:28, Info: Terminating SIMPLSharp Services
4/10/2017 15:50:28, Info: Saving project information...
4/10/2017 15:50:28, Info: Terminating SIMPLSharp Services
4/10/2017 15:50:28, Info: Saving project information...
4/10/2017 15:50:28, Info: Terminating SIMPLSharp Services
4/10/2017 15:50:28, Info: Saving project information...
4/10/2017 15:50:28, Info: Terminating SIMPLSharp Services
4/10/2017 15:50:28, Info: Saving project information...
4/10/2017 15:50:28, Info: Terminating SIMPLSharp Services
4/10/2017 15:50:28, Info: Saving project information...
4/10/2017 15:50:28, Info: Terminating SIMPLSharp Services
4/10/2017 15:50:28, Info: Saving project information...
4/10/2017 15:50:28, Info: Terminating SIMPLSharp Services
4/10/2017 15:50:28, Info: Saving project information...
4/10/2017 15:50:28, Info: Terminating SIMPLSharp Services
4/10/2017 15:50:28, Info: Saving project information...
4/10/2017 15:50:28, Info: Terminating SIMPLSharp Services
4/10/2017 15:50:28, Info: Saving project information...
4/10/2017 15:50:28, Info: Terminating SIMPLSharp Services
4/10/2017 15:50:28, Info: Saving project information...
4/10/2017 15:50:28, Info: Terminating SIMPLSharp Services
4/10/2017 15:50:28, Info: Saving project information...
4/10/2017 15:50:28, Info: Terminating SIMPLSharp Services
4/10/2017 15:50:28, Info: Saving project information...
4/10/2017 15:50:28, Info: Terminating SIMPLSharp Services
4/10/2017 15:50:28, Info: Saving project information...
4/10/2017 15:50:28, Info: Terminating SIMPLSharp Services
4/10/2017 15:50:28, Info: Saving project information...
4/10/2017 15:50:28, Info: Terminating SIMPLSharp Services
