4/10/2017 13:15:19, Info: Saving project information...
4/10/2017 13:15:20, Info: Verifying archive C:\Christophe\Engineering\Subversion\Partners\Source Code\KNX\KNX v 3.2\Crestron KNX v3.2\CrestronKNXLibrary.clz...
4/10/2017 13:15:21, Info: Saving project information...
4/10/2017 13:15:22, Info: Verifying archive C:\Christophe\Engineering\Subversion\Partners\Source Code\KNX\KNX v 3.2\Crestron KNX v3.2\CrestronKNXLibrary.clz...
4/10/2017 13:15:23, Info: Saving project information...
4/10/2017 13:15:24, Info: Verifying archive C:\Christophe\Engineering\Subversion\Partners\Source Code\KNX\KNX v 3.2\Crestron KNX v3.2\CrestronKNXLibrary.clz...
4/10/2017 13:15:25, Info: Saving project information...
4/10/2017 13:15:25, Info: Verifying archive C:\Christophe\Engineering\Subversion\Partners\Source Code\KNX\KNX v 3.2\Crestron KNX v3.2\CrestronKNXLibrary.clz...
4/10/2017 13:15:26, Info: Saving project information...
4/10/2017 13:15:27, Info: Verifying archive C:\Christophe\Engineering\Subversion\Partners\Source Code\KNX\KNX v 3.2\Crestron KNX v3.2\CrestronKNXLibrary.clz...
4/10/2017 13:15:28, Info: Saving project information...
4/10/2017 13:15:29, Info: Verifying archive C:\Christophe\Engineering\Subversion\Partners\Source Code\KNX\KNX v 3.2\Crestron KNX v3.2\CrestronKNXLibrary.clz...
4/10/2017 13:15:30, Info: Saving project information...
4/10/2017 13:15:31, Info: Commiting verification transaction...
4/10/2017 13:15:31, Info: Saving project information...
4/10/2017 13:21:01, Info: Initializing SIMPLSharp Services...
4/10/2017 13:21:01, Info: ProjectInfo successfully initialized.
4/10/2017 13:21:02, Info: Verifying archive C:\Christophe\Engineering\Subversion\Partners\Source Code\KNX\KNX v 3.2\Crestron KNX v3.2\CrestronKNXLibrary.clz...
4/10/2017 13:21:03, Info: Saving project information...
4/10/2017 13:21:04, Info: Verifying archive C:\Christophe\Engineering\Subversion\Partners\Source Code\KNX\KNX v 3.2\Crestron KNX v3.2\CrestronKNXLibrary.clz...
4/10/2017 13:21:05, Info: Saving project information...
4/10/2017 13:21:06, Info: Verifying archive C:\Christophe\Engineering\Subversion\Partners\Source Code\KNX\KNX v 3.2\Crestron KNX v3.2\CrestronKNXLibrary.clz...
4/10/2017 13:21:06, Info: Saving project information...
4/10/2017 13:21:07, Info: Verifying archive C:\Christophe\Engineering\Subversion\Partners\Source Code\KNX\KNX v 3.2\Crestron KNX v3.2\CrestronKNXLibrary.clz...
4/10/2017 13:21:08, Info: Saving project information...
4/10/2017 13:21:09, Info: Verifying archive C:\Christophe\Engineering\Subversion\Partners\Source Code\KNX\KNX v 3.2\Crestron KNX v3.2\CrestronKNXLibrary.clz...
4/10/2017 13:21:10, Info: Saving project information...
4/10/2017 13:21:11, Info: Verifying archive C:\Christophe\Engineering\Subversion\Partners\Source Code\KNX\KNX v 3.2\Crestron KNX v3.2\CrestronKNXLibrary.clz...
4/10/2017 13:21:12, Info: Saving project information...
4/10/2017 13:21:13, Info: Verifying archive C:\Christophe\Engineering\Subversion\Partners\Source Code\KNX\KNX v 3.2\Crestron KNX v3.2\CrestronKNXLibrary.clz...
4/10/2017 13:21:13, Info: Saving project information...
4/10/2017 13:21:14, Info: Verifying archive C:\Christophe\Engineering\Subversion\Partners\Source Code\KNX\KNX v 3.2\Crestron KNX v3.2\CrestronKNXLibrary.clz...
4/10/2017 13:21:15, Info: Saving project information...
4/10/2017 13:21:16, Info: Verifying archive C:\Christophe\Engineering\Subversion\Partners\Source Code\KNX\KNX v 3.2\Crestron KNX v3.2\CrestronKNXLibrary.clz...
4/10/2017 13:21:17, Info: Saving project information...
4/10/2017 13:21:18, Info: Verifying archive C:\Christophe\Engineering\Subversion\Partners\Source Code\KNX\KNX v 3.2\Crestron KNX v3.2\CrestronKNXLibrary.clz...
4/10/2017 13:21:19, Info: Saving project information...
4/10/2017 13:21:19, Info: Verifying archive C:\Christophe\Engineering\Subversion\Partners\Source Code\KNX\KNX v 3.2\Crestron KNX v3.2\CrestronKNXLibrary.clz...
4/10/2017 13:21:20, Info: Saving project information...
4/10/2017 13:21:21, Info: Verifying archive C:\Christophe\Engineering\Subversion\Partners\Source Code\KNX\KNX v 3.2\Crestron KNX v3.2\CrestronKNXLibrary.clz...
4/10/2017 13:21:22, Info: Saving project information...
4/10/2017 13:21:23, Info: Commiting verification transaction...
4/10/2017 13:21:23, Info: Saving project information...
4/10/2017 13:24:48, Info: Initializing SIMPLSharp Services...
4/10/2017 13:24:48, Info: ProjectInfo successfully initialized.
4/10/2017 13:24:49, Info: Verifying archive C:\Christophe\Engineering\Subversion\Partners\Source Code\KNX\KNX v 3.2\Crestron KNX v3.2\CrestronKNXLibrary.clz...
4/10/2017 13:24:50, Info: Saving project information...
4/10/2017 13:24:51, Info: Verifying archive C:\Christophe\Engineering\Subversion\Partners\Source Code\KNX\KNX v 3.2\Crestron KNX v3.2\CrestronKNXLibrary.clz...
4/10/2017 13:24:52, Info: Saving project information...
4/10/2017 13:24:53, Info: Verifying archive C:\Christophe\Engineering\Subversion\Partners\Source Code\KNX\KNX v 3.2\Crestron KNX v3.2\CrestronKNXLibrary.clz...
4/10/2017 13:24:54, Info: Saving project information...
4/10/2017 13:24:55, Info: Verifying archive C:\Christophe\Engineering\Subversion\Partners\Source Code\KNX\KNX v 3.2\Crestron KNX v3.2\CrestronKNXLibrary.clz...
4/10/2017 13:24:56, Info: Saving project information...
4/10/2017 13:24:57, Info: Verifying archive C:\Christophe\Engineering\Subversion\Partners\Source Code\KNX\KNX v 3.2\Crestron KNX v3.2\CrestronKNXLibrary.clz...
4/10/2017 13:24:58, Info: Saving project information...
4/10/2017 13:24:59, Info: Verifying archive C:\Christophe\Engineering\Subversion\Partners\Source Code\KNX\KNX v 3.2\Crestron KNX v3.2\CrestronKNXLibrary.clz...
4/10/2017 13:24:59, Info: Saving project information...
4/10/2017 13:25:00, Info: Verifying archive C:\Christophe\Engineering\Subversion\Partners\Source Code\KNX\KNX v 3.2\Crestron KNX v3.2\CrestronKNXLibrary.clz...
4/10/2017 13:25:01, Info: Saving project information...
4/10/2017 13:25:02, Info: Verifying archive C:\Christophe\Engineering\Subversion\Partners\Source Code\KNX\KNX v 3.2\Crestron KNX v3.2\CrestronKNXLibrary.clz...
4/10/2017 13:25:03, Info: Saving project information...
4/10/2017 13:25:04, Info: Verifying archive C:\Christophe\Engineering\Subversion\Partners\Source Code\KNX\KNX v 3.2\Crestron KNX v3.2\CrestronKNXLibrary.clz...
4/10/2017 13:25:05, Info: Saving project information...
4/10/2017 13:25:05, Info: Verifying archive C:\Christophe\Engineering\Subversion\Partners\Source Code\KNX\KNX v 3.2\Crestron KNX v3.2\CrestronKNXLibrary.clz...
4/10/2017 13:25:06, Info: Saving project information...
4/10/2017 13:25:07, Info: Verifying archive C:\Christophe\Engineering\Subversion\Partners\Source Code\KNX\KNX v 3.2\Crestron KNX v3.2\CrestronKNXLibrary.clz...
4/10/2017 13:25:08, Info: Saving project information...
4/10/2017 13:25:09, Info: Verifying archive C:\Christophe\Engineering\Subversion\Partners\Source Code\KNX\KNX v 3.2\Crestron KNX v3.2\CrestronKNXLibrary.clz...
4/10/2017 13:25:10, Info: Saving project information...
4/10/2017 13:25:11, Info: Commiting verification transaction...
4/10/2017 13:25:11, Info: Saving project information...
4/10/2017 13:37:25, Info: Initializing SIMPLSharp Services...
4/10/2017 13:37:25, Info: ProjectInfo successfully initialized.
4/10/2017 13:37:27, Info: Verifying archive C:\Christophe\Engineering\Subversion\Partners\Source Code\KNX\KNX v 3.2\Crestron KNX v3.2\CrestronKNXLibrary.clz...
4/10/2017 13:37:28, Info: Saving project information...
4/10/2017 13:37:29, Info: Verifying archive C:\Christophe\Engineering\Subversion\Partners\Source Code\KNX\KNX v 3.2\Crestron KNX v3.2\CrestronKNXLibrary.clz...
4/10/2017 13:37:30, Info: Saving project information...
4/10/2017 13:37:31, Info: Verifying archive C:\Christophe\Engineering\Subversion\Partners\Source Code\KNX\KNX v 3.2\Crestron KNX v3.2\CrestronKNXLibrary.clz...
4/10/2017 13:37:32, Info: Saving project information...
4/10/2017 13:37:33, Info: Verifying archive C:\Christophe\Engineering\Subversion\Partners\Source Code\KNX\KNX v 3.2\Crestron KNX v3.2\CrestronKNXLibrary.clz...
4/10/2017 13:37:33, Info: Saving project information...
4/10/2017 13:37:34, Info: Verifying archive C:\Christophe\Engineering\Subversion\Partners\Source Code\KNX\KNX v 3.2\Crestron KNX v3.2\CrestronKNXLibrary.clz...
4/10/2017 13:37:35, Info: Saving project information...
4/10/2017 13:37:36, Info: Verifying archive C:\Christophe\Engineering\Subversion\Partners\Source Code\KNX\KNX v 3.2\Crestron KNX v3.2\CrestronKNXLibrary.clz...
4/10/2017 13:37:37, Info: Saving project information...
4/10/2017 13:37:38, Info: Verifying archive C:\Christophe\Engineering\Subversion\Partners\Source Code\KNX\KNX v 3.2\Crestron KNX v3.2\CrestronKNXLibrary.clz...
4/10/2017 13:37:39, Info: Saving project information...
4/10/2017 13:37:40, Info: Verifying archive C:\Christophe\Engineering\Subversion\Partners\Source Code\KNX\KNX v 3.2\Crestron KNX v3.2\CrestronKNXLibrary.clz...
4/10/2017 13:37:40, Info: Saving project information...
4/10/2017 13:37:41, Info: Verifying archive C:\Christophe\Engineering\Subversion\Partners\Source Code\KNX\KNX v 3.2\Crestron KNX v3.2\CrestronKNXLibrary.clz...
4/10/2017 13:37:42, Info: Saving project information...
4/10/2017 13:37:43, Info: Verifying archive C:\Christophe\Engineering\Subversion\Partners\Source Code\KNX\KNX v 3.2\Crestron KNX v3.2\CrestronKNXLibrary.clz...
4/10/2017 13:37:44, Info: Saving project information...
4/10/2017 13:37:45, Info: Verifying archive C:\Christophe\Engineering\Subversion\Partners\Source Code\KNX\KNX v 3.2\Crestron KNX v3.2\CrestronKNXLibrary.clz...
4/10/2017 13:37:46, Info: Saving project information...
4/10/2017 13:37:47, Info: Verifying archive C:\Christophe\Engineering\Subversion\Partners\Source Code\KNX\KNX v 3.2\Crestron KNX v3.2\CrestronKNXLibrary.clz...
4/10/2017 13:37:47, Info: Saving project information...
4/10/2017 13:37:49, Info: Commiting verification transaction...
4/10/2017 13:37:49, Info: Saving project information...
4/10/2017 13:46:58, Info: Initializing SIMPLSharp Services...
4/10/2017 13:46:58, Info: ProjectInfo successfully initialized.
4/10/2017 13:46:59, Info: Verifying archive C:\Christophe\Engineering\Subversion\Partners\Source Code\KNX\KNX v 3.2\Crestron KNX v3.2\CrestronKNXLibrary.clz...
4/10/2017 13:47:00, Info: Saving project information...
4/10/2017 13:47:01, Info: Verifying archive C:\Christophe\Engineering\Subversion\Partners\Source Code\KNX\KNX v 3.2\Crestron KNX v3.2\CrestronKNXLibrary.clz...
4/10/2017 13:47:02, Info: Saving project information...
4/10/2017 13:47:03, Info: Verifying archive C:\Christophe\Engineering\Subversion\Partners\Source Code\KNX\KNX v 3.2\Crestron KNX v3.2\CrestronKNXLibrary.clz...
4/10/2017 13:47:04, Info: Saving project information...
4/10/2017 13:47:05, Info: Verifying archive C:\Christophe\Engineering\Subversion\Partners\Source Code\KNX\KNX v 3.2\Crestron KNX v3.2\CrestronKNXLibrary.clz...
4/10/2017 13:47:06, Info: Saving project information...
4/10/2017 13:47:07, Info: Verifying archive C:\Christophe\Engineering\Subversion\Partners\Source Code\KNX\KNX v 3.2\Crestron KNX v3.2\CrestronKNXLibrary.clz...
4/10/2017 13:47:08, Info: Saving project information...
4/10/2017 13:47:08, Info: Verifying archive C:\Christophe\Engineering\Subversion\Partners\Source Code\KNX\KNX v 3.2\Crestron KNX v3.2\CrestronKNXLibrary.clz...
4/10/2017 13:47:09, Info: Saving project information...
4/10/2017 13:47:10, Info: Verifying archive C:\Christophe\Engineering\Subversion\Partners\Source Code\KNX\KNX v 3.2\Crestron KNX v3.2\CrestronKNXLibrary.clz...
4/10/2017 13:47:11, Info: Saving project information...
4/10/2017 13:47:12, Info: Verifying archive C:\Christophe\Engineering\Subversion\Partners\Source Code\KNX\KNX v 3.2\Crestron KNX v3.2\CrestronKNXLibrary.clz...
4/10/2017 13:47:13, Info: Saving project information...
4/10/2017 13:47:14, Info: Verifying archive C:\Christophe\Engineering\Subversion\Partners\Source Code\KNX\KNX v 3.2\Crestron KNX v3.2\CrestronKNXLibrary.clz...
4/10/2017 13:47:14, Info: Saving project information...
4/10/2017 13:47:15, Info: Verifying archive C:\Christophe\Engineering\Subversion\Partners\Source Code\KNX\KNX v 3.2\Crestron KNX v3.2\CrestronKNXLibrary.clz...
4/10/2017 13:47:16, Info: Saving project information...
4/10/2017 13:47:17, Info: Verifying archive C:\Christophe\Engineering\Subversion\Partners\Source Code\KNX\KNX v 3.2\Crestron KNX v3.2\CrestronKNXLibrary.clz...
4/10/2017 13:47:18, Info: Saving project information...
4/10/2017 13:47:19, Info: Verifying archive C:\Christophe\Engineering\Subversion\Partners\Source Code\KNX\KNX v 3.2\Crestron KNX v3.2\CrestronKNXLibrary.clz...
4/10/2017 13:47:20, Info: Saving project information...
4/10/2017 13:47:21, Info: Commiting verification transaction...
4/10/2017 13:47:21, Info: Saving project information...
4/10/2017 13:54:14, Info: Initializing SIMPLSharp Services...
4/10/2017 13:54:14, Info: ProjectInfo successfully initialized.
4/10/2017 13:54:16, Info: Verifying archive C:\Christophe\Engineering\Subversion\Partners\Source Code\KNX\KNX v 3.2\Crestron KNX v3.2\CrestronKNXLibrary.clz...
4/10/2017 13:54:17, Info: Saving project information...
4/10/2017 13:54:18, Info: Verifying archive C:\Christophe\Engineering\Subversion\Partners\Source Code\KNX\KNX v 3.2\Crestron KNX v3.2\CrestronKNXLibrary.clz...
4/10/2017 13:54:19, Info: Saving project information...
4/10/2017 13:54:20, Info: Verifying archive C:\Christophe\Engineering\Subversion\Partners\Source Code\KNX\KNX v 3.2\Crestron KNX v3.2\CrestronKNXLibrary.clz...
4/10/2017 13:54:21, Info: Saving project information...
4/10/2017 13:54:22, Info: Verifying archive C:\Christophe\Engineering\Subversion\Partners\Source Code\KNX\KNX v 3.2\Crestron KNX v3.2\CrestronKNXLibrary.clz...
4/10/2017 13:54:23, Info: Saving project information...
4/10/2017 13:54:24, Info: Verifying archive C:\Christophe\Engineering\Subversion\Partners\Source Code\KNX\KNX v 3.2\Crestron KNX v3.2\CrestronKNXLibrary.clz...
4/10/2017 13:54:24, Info: Saving project information...
4/10/2017 13:54:25, Info: Verifying archive C:\Christophe\Engineering\Subversion\Partners\Source Code\KNX\KNX v 3.2\Crestron KNX v3.2\CrestronKNXLibrary.clz...
4/10/2017 13:54:26, Info: Saving project information...
4/10/2017 13:54:27, Info: Verifying archive C:\Christophe\Engineering\Subversion\Partners\Source Code\KNX\KNX v 3.2\Crestron KNX v3.2\CrestronKNXLibrary.clz...
4/10/2017 13:54:28, Info: Saving project information...
4/10/2017 13:54:29, Info: Verifying archive C:\Christophe\Engineering\Subversion\Partners\Source Code\KNX\KNX v 3.2\Crestron KNX v3.2\CrestronKNXLibrary.clz...
4/10/2017 13:54:30, Info: Saving project information...
4/10/2017 13:54:30, Info: Verifying archive C:\Christophe\Engineering\Subversion\Partners\Source Code\KNX\KNX v 3.2\Crestron KNX v3.2\CrestronKNXLibrary.clz...
4/10/2017 13:54:31, Info: Saving project information...
4/10/2017 13:54:32, Info: Verifying archive C:\Christophe\Engineering\Subversion\Partners\Source Code\KNX\KNX v 3.2\Crestron KNX v3.2\CrestronKNXLibrary.clz...
4/10/2017 13:54:33, Info: Saving project information...
4/10/2017 13:54:34, Info: Verifying archive C:\Christophe\Engineering\Subversion\Partners\Source Code\KNX\KNX v 3.2\Crestron KNX v3.2\CrestronKNXLibrary.clz...
4/10/2017 13:54:35, Info: Saving project information...
4/10/2017 13:54:36, Info: Verifying archive C:\Christophe\Engineering\Subversion\Partners\Source Code\KNX\KNX v 3.2\Crestron KNX v3.2\CrestronKNXLibrary.clz...
4/10/2017 13:54:36, Info: Saving project information...
4/10/2017 13:54:38, Info: Commiting verification transaction...
4/10/2017 13:54:38, Info: Saving project information...
4/10/2017 14:05:36, Info: Initializing SIMPLSharp Services...
4/10/2017 14:05:36, Info: ProjectInfo successfully initialized.
4/10/2017 14:05:37, Info: Verifying archive C:\Christophe\Engineering\Subversion\Partners\Source Code\KNX\KNX v 3.2\Crestron KNX v3.2\CrestronKNXLibrary.clz...
4/10/2017 14:05:38, Info: Saving project information...
4/10/2017 14:05:39, Info: Verifying archive C:\Christophe\Engineering\Subversion\Partners\Source Code\KNX\KNX v 3.2\Crestron KNX v3.2\CrestronKNXLibrary.clz...
4/10/2017 14:05:39, Info: Saving project information...
4/10/2017 14:05:40, Info: Verifying archive C:\Christophe\Engineering\Subversion\Partners\Source Code\KNX\KNX v 3.2\Crestron KNX v3.2\CrestronKNXLibrary.clz...
