4/10/2017 15:15:31, Info: Saving project information...
4/10/2017 15:19:22, Info: Initializing SIMPLSharp Services...
4/10/2017 15:19:22, Info: ProjectInfo successfully initialized.
4/10/2017 15:19:23, Info: Verifying archive C:\Christophe\Engineering\Subversion\Partners\Source Code\KNX\KNX v 3.2\Crestron KNX v3.2\CrestronKNXLibrary.clz...
4/10/2017 15:19:24, Info: Saving project information...
4/10/2017 15:19:25, Info: Verifying archive C:\Christophe\Engineering\Subversion\Partners\Source Code\KNX\KNX v 3.2\Crestron KNX v3.2\CrestronKNXLibrary.clz...
4/10/2017 15:19:26, Info: Saving project information...
4/10/2017 15:19:27, Info: Verifying archive C:\Christophe\Engineering\Subversion\Partners\Source Code\KNX\KNX v 3.2\Crestron KNX v3.2\CrestronKNXLibrary.clz...
4/10/2017 15:19:28, Info: Saving project information...
4/10/2017 15:19:29, Info: Verifying archive C:\Christophe\Engineering\Subversion\Partners\Source Code\KNX\KNX v 3.2\Crestron KNX v3.2\CrestronKNXLibrary.clz...
4/10/2017 15:19:29, Info: Saving project information...
4/10/2017 15:19:30, Info: Verifying archive C:\Christophe\Engineering\Subversion\Partners\Source Code\KNX\KNX v 3.2\Crestron KNX v3.2\CrestronKNXLibrary.clz...
4/10/2017 15:19:31, Info: Saving project information...
4/10/2017 15:19:32, Info: Verifying archive C:\Christophe\Engineering\Subversion\Partners\Source Code\KNX\KNX v 3.2\Crestron KNX v3.2\CrestronKNXLibrary.clz...
4/10/2017 15:19:33, Info: Saving project information...
4/10/2017 15:19:34, Info: Verifying archive C:\Christophe\Engineering\Subversion\Partners\Source Code\KNX\KNX v 3.2\Crestron KNX v3.2\CrestronKNXLibrary.clz...
4/10/2017 15:19:35, Info: Saving project information...
4/10/2017 15:19:36, Info: Verifying archive C:\Christophe\Engineering\Subversion\Partners\Source Code\KNX\KNX v 3.2\Crestron KNX v3.2\CrestronKNXLibrary.clz...
4/10/2017 15:19:37, Info: Saving project information...
4/10/2017 15:19:37, Info: Verifying archive C:\Christophe\Engineering\Subversion\Partners\Source Code\KNX\KNX v 3.2\Crestron KNX v3.2\CrestronKNXLibrary.clz...
4/10/2017 15:19:38, Info: Saving project information...
4/10/2017 15:19:39, Info: Verifying archive C:\Christophe\Engineering\Subversion\Partners\Source Code\KNX\KNX v 3.2\Crestron KNX v3.2\CrestronKNXLibrary.clz...
4/10/2017 15:19:40, Info: Saving project information...
4/10/2017 15:19:41, Info: Verifying archive C:\Christophe\Engineering\Subversion\Partners\Source Code\KNX\KNX v 3.2\Crestron KNX v3.2\CrestronKNXLibrary.clz...
4/10/2017 15:19:42, Info: Saving project information...
4/10/2017 15:19:43, Info: Verifying archive C:\Christophe\Engineering\Subversion\Partners\Source Code\KNX\KNX v 3.2\Crestron KNX v3.2\CrestronKNXLibrary.clz...
4/10/2017 15:19:44, Info: Saving project information...
4/10/2017 15:19:45, Info: Commiting verification transaction...
4/10/2017 15:19:45, Info: Saving project information...
4/10/2017 15:31:54, Info: Initializing SIMPLSharp Services...
4/10/2017 15:31:54, Info: ProjectInfo successfully initialized.
4/10/2017 15:31:56, Info: Verifying archive C:\Christophe\Engineering\Subversion\Partners\Source Code\KNX\KNX v 3.2\Crestron KNX v3.2\CrestronKNXLibrary.clz...
4/10/2017 15:31:57, Info: Saving project information...
4/10/2017 15:31:58, Info: Verifying archive C:\Christophe\Engineering\Subversion\Partners\Source Code\KNX\KNX v 3.2\Crestron KNX v3.2\CrestronKNXLibrary.clz...
4/10/2017 15:31:59, Info: Saving project information...
4/10/2017 15:32:00, Info: Verifying archive C:\Christophe\Engineering\Subversion\Partners\Source Code\KNX\KNX v 3.2\Crestron KNX v3.2\CrestronKNXLibrary.clz...
4/10/2017 15:32:01, Info: Saving project information...
4/10/2017 15:32:02, Info: Verifying archive C:\Christophe\Engineering\Subversion\Partners\Source Code\KNX\KNX v 3.2\Crestron KNX v3.2\CrestronKNXLibrary.clz...
4/10/2017 15:32:02, Info: Saving project information...
4/10/2017 15:32:03, Info: Verifying archive C:\Christophe\Engineering\Subversion\Partners\Source Code\KNX\KNX v 3.2\Crestron KNX v3.2\CrestronKNXLibrary.clz...
4/10/2017 15:32:04, Info: Saving project information...
4/10/2017 15:32:05, Info: Verifying archive C:\Christophe\Engineering\Subversion\Partners\Source Code\KNX\KNX v 3.2\Crestron KNX v3.2\CrestronKNXLibrary.clz...
4/10/2017 15:32:06, Info: Saving project information...
4/10/2017 15:32:07, Info: Verifying archive C:\Christophe\Engineering\Subversion\Partners\Source Code\KNX\KNX v 3.2\Crestron KNX v3.2\CrestronKNXLibrary.clz...
4/10/2017 15:32:08, Info: Saving project information...
4/10/2017 15:32:09, Info: Verifying archive C:\Christophe\Engineering\Subversion\Partners\Source Code\KNX\KNX v 3.2\Crestron KNX v3.2\CrestronKNXLibrary.clz...
4/10/2017 15:32:09, Info: Saving project information...
4/10/2017 15:32:10, Info: Verifying archive C:\Christophe\Engineering\Subversion\Partners\Source Code\KNX\KNX v 3.2\Crestron KNX v3.2\CrestronKNXLibrary.clz...
4/10/2017 15:32:11, Info: Saving project information...
4/10/2017 15:32:12, Info: Verifying archive C:\Christophe\Engineering\Subversion\Partners\Source Code\KNX\KNX v 3.2\Crestron KNX v3.2\CrestronKNXLibrary.clz...
4/10/2017 15:32:13, Info: Saving project information...
4/10/2017 15:32:14, Info: Verifying archive C:\Christophe\Engineering\Subversion\Partners\Source Code\KNX\KNX v 3.2\Crestron KNX v3.2\CrestronKNXLibrary.clz...
4/10/2017 15:32:15, Info: Saving project information...
4/10/2017 15:32:15, Info: Verifying archive C:\Christophe\Engineering\Subversion\Partners\Source Code\KNX\KNX v 3.2\Crestron KNX v3.2\CrestronKNXLibrary.clz...
4/10/2017 15:32:16, Info: Saving project information...
4/10/2017 15:32:18, Info: Commiting verification transaction...
4/10/2017 15:32:18, Info: Saving project information...
4/10/2017 15:35:29, Info: Initializing SIMPLSharp Services...
4/10/2017 15:35:29, Info: ProjectInfo successfully initialized.
4/10/2017 15:35:30, Info: Verifying archive C:\Christophe\Engineering\Subversion\Partners\Source Code\KNX\KNX v 3.2\Crestron KNX v3.2\CrestronKNXLibrary.clz...
4/10/2017 15:35:31, Info: Saving project information...
4/10/2017 15:35:32, Info: Verifying archive C:\Christophe\Engineering\Subversion\Partners\Source Code\KNX\KNX v 3.2\Crestron KNX v3.2\CrestronKNXLibrary.clz...
4/10/2017 15:35:32, Info: Saving project information...
4/10/2017 15:35:33, Info: Verifying archive C:\Christophe\Engineering\Subversion\Partners\Source Code\KNX\KNX v 3.2\Crestron KNX v3.2\CrestronKNXLibrary.clz...
4/10/2017 15:35:34, Info: Saving project information...
4/10/2017 15:35:35, Info: Verifying archive C:\Christophe\Engineering\Subversion\Partners\Source Code\KNX\KNX v 3.2\Crestron KNX v3.2\CrestronKNXLibrary.clz...
4/10/2017 15:35:36, Info: Saving project information...
4/10/2017 15:35:37, Info: Verifying archive C:\Christophe\Engineering\Subversion\Partners\Source Code\KNX\KNX v 3.2\Crestron KNX v3.2\CrestronKNXLibrary.clz...
4/10/2017 15:35:38, Info: Saving project information...
4/10/2017 15:35:39, Info: Verifying archive C:\Christophe\Engineering\Subversion\Partners\Source Code\KNX\KNX v 3.2\Crestron KNX v3.2\CrestronKNXLibrary.clz...
4/10/2017 15:35:40, Info: Saving project information...
4/10/2017 15:35:41, Info: Verifying archive C:\Christophe\Engineering\Subversion\Partners\Source Code\KNX\KNX v 3.2\Crestron KNX v3.2\CrestronKNXLibrary.clz...
4/10/2017 15:35:41, Info: Saving project information...
4/10/2017 15:35:42, Info: Verifying archive C:\Christophe\Engineering\Subversion\Partners\Source Code\KNX\KNX v 3.2\Crestron KNX v3.2\CrestronKNXLibrary.clz...
4/10/2017 15:35:43, Info: Saving project information...
4/10/2017 15:35:44, Info: Verifying archive C:\Christophe\Engineering\Subversion\Partners\Source Code\KNX\KNX v 3.2\Crestron KNX v3.2\CrestronKNXLibrary.clz...
4/10/2017 15:35:45, Info: Saving project information...
4/10/2017 15:35:46, Info: Verifying archive C:\Christophe\Engineering\Subversion\Partners\Source Code\KNX\KNX v 3.2\Crestron KNX v3.2\CrestronKNXLibrary.clz...
4/10/2017 15:35:47, Info: Saving project information...
4/10/2017 15:35:47, Info: Verifying archive C:\Christophe\Engineering\Subversion\Partners\Source Code\KNX\KNX v 3.2\Crestron KNX v3.2\CrestronKNXLibrary.clz...
4/10/2017 15:35:48, Info: Saving project information...
4/10/2017 15:35:49, Info: Verifying archive C:\Christophe\Engineering\Subversion\Partners\Source Code\KNX\KNX v 3.2\Crestron KNX v3.2\CrestronKNXLibrary.clz...
4/10/2017 15:35:50, Info: Saving project information...
4/10/2017 15:35:51, Info: Commiting verification transaction...
4/10/2017 15:35:51, Info: Saving project information...
4/10/2017 15:36:07, Info: Initializing SIMPLSharp Services...
4/10/2017 15:36:07, Info: ProjectInfo successfully initialized.
4/10/2017 15:36:08, Info: Verifying archive C:\Christophe\Engineering\Subversion\Partners\Source Code\KNX\KNX v 3.2\Crestron KNX v3.2\CrestronKNXLibrary.clz...
4/10/2017 15:36:09, Info: Saving project information...
4/10/2017 15:36:10, Info: Verifying archive C:\Christophe\Engineering\Subversion\Partners\Source Code\KNX\KNX v 3.2\Crestron KNX v3.2\CrestronKNXLibrary.clz...
4/10/2017 15:36:11, Info: Saving project information...
4/10/2017 15:36:12, Info: Verifying archive C:\Christophe\Engineering\Subversion\Partners\Source Code\KNX\KNX v 3.2\Crestron KNX v3.2\CrestronKNXLibrary.clz...
4/10/2017 15:36:12, Info: Saving project information...
4/10/2017 15:36:13, Info: Verifying archive C:\Christophe\Engineering\Subversion\Partners\Source Code\KNX\KNX v 3.2\Crestron KNX v3.2\CrestronKNXLibrary.clz...
4/10/2017 15:36:14, Info: Saving project information...
4/10/2017 15:36:15, Info: Verifying archive C:\Christophe\Engineering\Subversion\Partners\Source Code\KNX\KNX v 3.2\Crestron KNX v3.2\CrestronKNXLibrary.clz...
4/10/2017 15:36:16, Info: Saving project information...
4/10/2017 15:36:17, Info: Verifying archive C:\Christophe\Engineering\Subversion\Partners\Source Code\KNX\KNX v 3.2\Crestron KNX v3.2\CrestronKNXLibrary.clz...
4/10/2017 15:36:18, Info: Saving project information...
4/10/2017 15:36:19, Info: Verifying archive C:\Christophe\Engineering\Subversion\Partners\Source Code\KNX\KNX v 3.2\Crestron KNX v3.2\CrestronKNXLibrary.clz...
4/10/2017 15:36:19, Info: Saving project information...
4/10/2017 15:36:20, Info: Verifying archive C:\Christophe\Engineering\Subversion\Partners\Source Code\KNX\KNX v 3.2\Crestron KNX v3.2\CrestronKNXLibrary.clz...
4/10/2017 15:36:21, Info: Saving project information...
4/10/2017 15:36:22, Info: Verifying archive C:\Christophe\Engineering\Subversion\Partners\Source Code\KNX\KNX v 3.2\Crestron KNX v3.2\CrestronKNXLibrary.clz...
4/10/2017 15:36:23, Info: Saving project information...
4/10/2017 15:36:24, Info: Verifying archive C:\Christophe\Engineering\Subversion\Partners\Source Code\KNX\KNX v 3.2\Crestron KNX v3.2\CrestronKNXLibrary.clz...
4/10/2017 15:36:25, Info: Saving project information...
4/10/2017 15:36:26, Info: Verifying archive C:\Christophe\Engineering\Subversion\Partners\Source Code\KNX\KNX v 3.2\Crestron KNX v3.2\CrestronKNXLibrary.clz...
4/10/2017 15:36:27, Info: Saving project information...
4/10/2017 15:36:27, Info: Verifying archive C:\Christophe\Engineering\Subversion\Partners\Source Code\KNX\KNX v 3.2\Crestron KNX v3.2\CrestronKNXLibrary.clz...
4/10/2017 15:36:28, Info: Saving project information...
4/10/2017 15:36:30, Info: Commiting verification transaction...
4/10/2017 15:36:30, Info: Saving project information...
4/10/2017 15:38:18, Info: Initializing SIMPLSharp Services...
4/10/2017 15:38:18, Info: ProjectInfo successfully initialized.
4/10/2017 15:38:19, Info: Verifying archive C:\Christophe\Engineering\Subversion\Partners\Source Code\KNX\KNX v 3.2\Crestron KNX v3.2\CrestronKNXLibrary.clz...
4/10/2017 15:38:20, Info: Saving project information...
4/10/2017 15:38:21, Info: Verifying archive C:\Christophe\Engineering\Subversion\Partners\Source Code\KNX\KNX v 3.2\Crestron KNX v3.2\CrestronKNXLibrary.clz...
4/10/2017 15:38:22, Info: Saving project information...
4/10/2017 15:38:23, Info: Verifying archive C:\Christophe\Engineering\Subversion\Partners\Source Code\KNX\KNX v 3.2\Crestron KNX v3.2\CrestronKNXLibrary.clz...
4/10/2017 15:38:24, Info: Saving project information...
4/10/2017 15:38:25, Info: Verifying archive C:\Christophe\Engineering\Subversion\Partners\Source Code\KNX\KNX v 3.2\Crestron KNX v3.2\CrestronKNXLibrary.clz...
4/10/2017 15:38:26, Info: Saving project information...
4/10/2017 15:38:27, Info: Verifying archive C:\Christophe\Engineering\Subversion\Partners\Source Code\KNX\KNX v 3.2\Crestron KNX v3.2\CrestronKNXLibrary.clz...
4/10/2017 15:38:27, Info: Saving project information...
4/10/2017 15:38:28, Info: Verifying archive C:\Christophe\Engineering\Subversion\Partners\Source Code\KNX\KNX v 3.2\Crestron KNX v3.2\CrestronKNXLibrary.clz...
4/10/2017 15:38:29, Info: Saving project information...
4/10/2017 15:38:30, Info: Verifying archive C:\Christophe\Engineering\Subversion\Partners\Source Code\KNX\KNX v 3.2\Crestron KNX v3.2\CrestronKNXLibrary.clz...
4/10/2017 15:38:31, Info: Saving project information...
4/10/2017 15:38:32, Info: Verifying archive C:\Christophe\Engineering\Subversion\Partners\Source Code\KNX\KNX v 3.2\Crestron KNX v3.2\CrestronKNXLibrary.clz...
4/10/2017 15:38:33, Info: Saving project information...
4/10/2017 15:38:34, Info: Verifying archive C:\Christophe\Engineering\Subversion\Partners\Source Code\KNX\KNX v 3.2\Crestron KNX v3.2\CrestronKNXLibrary.clz...
4/10/2017 15:38:34, Info: Saving project information...
4/10/2017 15:38:35, Info: Verifying archive C:\Christophe\Engineering\Subversion\Partners\Source Code\KNX\KNX v 3.2\Crestron KNX v3.2\CrestronKNXLibrary.clz...
4/10/2017 15:38:36, Info: Saving project information...
4/10/2017 15:38:37, Info: Verifying archive C:\Christophe\Engineering\Subversion\Partners\Source Code\KNX\KNX v 3.2\Crestron KNX v3.2\CrestronKNXLibrary.clz...
4/10/2017 15:38:38, Info: Saving project information...
4/10/2017 15:38:39, Info: Verifying archive C:\Christophe\Engineering\Subversion\Partners\Source Code\KNX\KNX v 3.2\Crestron KNX v3.2\CrestronKNXLibrary.clz...
4/10/2017 15:38:40, Info: Saving project information...
4/10/2017 15:38:42, Info: Commiting verification transaction...
4/10/2017 15:38:42, Info: Saving project information...
4/10/2017 15:39:24, Info: Initializing SIMPLSharp Services...
4/10/2017 15:39:24, Info: ProjectInfo successfully initialized.
4/10/2017 15:39:25, Info: Verifying archive C:\Christophe\Engineering\Subversion\Partners\Source Code\KNX\KNX v 3.2\Crestron KNX v3.2\CrestronKNXLibrary.clz...
4/10/2017 15:39:26, Info: Saving project information...
4/10/2017 15:39:27, Info: Verifying archive C:\Christophe\Engineering\Subversion\Partners\Source Code\KNX\KNX v 3.2\Crestron KNX v3.2\CrestronKNXLibrary.clz...
4/10/2017 15:39:28, Info: Saving project information...
4/10/2017 15:39:29, Info: Verifying archive C:\Christophe\Engineering\Subversion\Partners\Source Code\KNX\KNX v 3.2\Crestron KNX v3.2\CrestronKNXLibrary.clz...
4/10/2017 15:39:29, Info: Saving project information...
4/10/2017 15:39:30, Info: Verifying archive C:\Christophe\Engineering\Subversion\Partners\Source Code\KNX\KNX v 3.2\Crestron KNX v3.2\CrestronKNXLibrary.clz...
4/10/2017 15:39:31, Info: Saving project information...
4/10/2017 15:39:32, Info: Verifying archive C:\Christophe\Engineering\Subversion\Partners\Source Code\KNX\KNX v 3.2\Crestron KNX v3.2\CrestronKNXLibrary.clz...
4/10/2017 15:39:33, Info: Saving project information...
4/10/2017 15:39:34, Info: Verifying archive C:\Christophe\Engineering\Subversion\Partners\Source Code\KNX\KNX v 3.2\Crestron KNX v3.2\CrestronKNXLibrary.clz...
4/10/2017 15:39:35, Info: Saving project information...
4/10/2017 15:39:36, Info: Verifying archive C:\Christophe\Engineering\Subversion\Partners\Source Code\KNX\KNX v 3.2\Crestron KNX v3.2\CrestronKNXLibrary.clz...
4/10/2017 15:39:36, Info: Saving project information...
4/10/2017 15:39:37, Info: Verifying archive C:\Christophe\Engineering\Subversion\Partners\Source Code\KNX\KNX v 3.2\Crestron KNX v3.2\CrestronKNXLibrary.clz...
4/10/2017 15:39:38, Info: Saving project information...
4/10/2017 15:39:39, Info: Verifying archive C:\Christophe\Engineering\Subversion\Partners\Source Code\KNX\KNX v 3.2\Crestron KNX v3.2\CrestronKNXLibrary.clz...
