4/10/2017 10:57:02, Info: Initializing SIMPLSharp Services...
4/10/2017 10:57:02, Info: ProjectInfo successfully initialized.
4/10/2017 10:57:04, Info: Verifying archive C:\Christophe\Engineering\Subversion\Partners\Source Code\KNX\KNX v 3.2\Crestron KNX v3.2\CrestronKNXLibrary.clz...
4/10/2017 10:57:06, Info: Saving project information...
4/10/2017 10:57:08, Info: Verifying archive C:\Christophe\Engineering\Subversion\Partners\Source Code\KNX\KNX v 3.2\Crestron KNX v3.2\CrestronKNXLibrary.clz...
4/10/2017 10:57:09, Info: Saving project information...
4/10/2017 10:57:10, Info: Verifying archive C:\Christophe\Engineering\Subversion\Partners\Source Code\KNX\KNX v 3.2\Crestron KNX v3.2\CrestronKNXLibrary.clz...
4/10/2017 10:57:11, Info: Saving project information...
4/10/2017 10:57:12, Info: Verifying archive C:\Christophe\Engineering\Subversion\Partners\Source Code\KNX\KNX v 3.2\Crestron KNX v3.2\CrestronKNXLibrary.clz...
4/10/2017 10:57:13, Info: Saving project information...
4/10/2017 10:57:14, Info: Verifying archive C:\Christophe\Engineering\Subversion\Partners\Source Code\KNX\KNX v 3.2\Crestron KNX v3.2\CrestronKNXLibrary.clz...
4/10/2017 10:57:15, Info: Saving project information...
4/10/2017 10:57:16, Info: Verifying archive C:\Christophe\Engineering\Subversion\Partners\Source Code\KNX\KNX v 3.2\Crestron KNX v3.2\CrestronKNXLibrary.clz...
4/10/2017 10:57:17, Info: Saving project information...
4/10/2017 10:57:18, Info: Verifying archive C:\Christophe\Engineering\Subversion\Partners\Source Code\KNX\KNX v 3.2\Crestron KNX v3.2\CrestronKNXLibrary.clz...
4/10/2017 10:57:18, Info: Saving project information...
4/10/2017 10:57:19, Info: Verifying archive C:\Christophe\Engineering\Subversion\Partners\Source Code\KNX\KNX v 3.2\Crestron KNX v3.2\CrestronKNXLibrary.clz...
4/10/2017 10:57:20, Info: Saving project information...
4/10/2017 10:57:21, Info: Verifying archive C:\Christophe\Engineering\Subversion\Partners\Source Code\KNX\KNX v 3.2\Crestron KNX v3.2\CrestronKNXLibrary.clz...
4/10/2017 10:57:22, Info: Saving project information...
4/10/2017 10:57:23, Info: Verifying archive C:\Christophe\Engineering\Subversion\Partners\Source Code\KNX\KNX v 3.2\Crestron KNX v3.2\CrestronKNXLibrary.clz...
4/10/2017 10:57:24, Info: Saving project information...
4/10/2017 10:57:25, Info: Verifying archive C:\Christophe\Engineering\Subversion\Partners\Source Code\KNX\KNX v 3.2\Crestron KNX v3.2\CrestronKNXLibrary.clz...
4/10/2017 10:57:25, Info: Saving project information...
4/10/2017 10:57:26, Info: Verifying archive C:\Christophe\Engineering\Subversion\Partners\Source Code\KNX\KNX v 3.2\Crestron KNX v3.2\CrestronKNXLibrary.clz...
4/10/2017 10:57:27, Info: Saving project information...
4/10/2017 10:57:29, Info: Commiting verification transaction...
4/10/2017 10:57:29, Info: Saving project information...
4/10/2017 11:08:38, Info: Initializing SIMPLSharp Services...
4/10/2017 11:08:38, Info: ProjectInfo successfully initialized.
4/10/2017 11:08:38, Info: Verifying archive C:\Christophe\Engineering\Subversion\Partners\Source Code\KNX\KNX v 3.2\Crestron KNX v3.2\CrestronKNXLibrary.clz...
4/10/2017 11:08:39, Info: Saving project information...
4/10/2017 11:08:40, Info: Verifying archive C:\Christophe\Engineering\Subversion\Partners\Source Code\KNX\KNX v 3.2\Crestron KNX v3.2\CrestronKNXLibrary.clz...
4/10/2017 11:08:41, Info: Saving project information...
4/10/2017 11:08:42, Info: Verifying archive C:\Christophe\Engineering\Subversion\Partners\Source Code\KNX\KNX v 3.2\Crestron KNX v3.2\CrestronKNXLibrary.clz...
4/10/2017 11:08:43, Info: Saving project information...
4/10/2017 11:08:44, Info: Verifying archive C:\Christophe\Engineering\Subversion\Partners\Source Code\KNX\KNX v 3.2\Crestron KNX v3.2\CrestronKNXLibrary.clz...
4/10/2017 11:08:45, Info: Saving project information...
4/10/2017 11:08:46, Info: Verifying archive C:\Christophe\Engineering\Subversion\Partners\Source Code\KNX\KNX v 3.2\Crestron KNX v3.2\CrestronKNXLibrary.clz...
4/10/2017 11:08:47, Info: Saving project information...
4/10/2017 11:08:47, Info: Verifying archive C:\Christophe\Engineering\Subversion\Partners\Source Code\KNX\KNX v 3.2\Crestron KNX v3.2\CrestronKNXLibrary.clz...
4/10/2017 11:08:48, Info: Saving project information...
4/10/2017 11:08:49, Info: Verifying archive C:\Christophe\Engineering\Subversion\Partners\Source Code\KNX\KNX v 3.2\Crestron KNX v3.2\CrestronKNXLibrary.clz...
4/10/2017 11:08:50, Info: Saving project information...
4/10/2017 11:08:51, Info: Verifying archive C:\Christophe\Engineering\Subversion\Partners\Source Code\KNX\KNX v 3.2\Crestron KNX v3.2\CrestronKNXLibrary.clz...
4/10/2017 11:08:52, Info: Saving project information...
4/10/2017 11:08:53, Info: Verifying archive C:\Christophe\Engineering\Subversion\Partners\Source Code\KNX\KNX v 3.2\Crestron KNX v3.2\CrestronKNXLibrary.clz...
4/10/2017 11:08:53, Info: Saving project information...
4/10/2017 11:08:54, Info: Verifying archive C:\Christophe\Engineering\Subversion\Partners\Source Code\KNX\KNX v 3.2\Crestron KNX v3.2\CrestronKNXLibrary.clz...
4/10/2017 11:08:55, Info: Saving project information...
4/10/2017 11:08:56, Info: Verifying archive C:\Christophe\Engineering\Subversion\Partners\Source Code\KNX\KNX v 3.2\Crestron KNX v3.2\CrestronKNXLibrary.clz...
4/10/2017 11:08:57, Info: Saving project information...
4/10/2017 11:08:58, Info: Verifying archive C:\Christophe\Engineering\Subversion\Partners\Source Code\KNX\KNX v 3.2\Crestron KNX v3.2\CrestronKNXLibrary.clz...
4/10/2017 11:08:58, Info: Saving project information...
4/10/2017 11:09:00, Info: Commiting verification transaction...
4/10/2017 11:09:00, Info: Saving project information...
4/10/2017 11:10:56, Info: Initializing SIMPLSharp Services...
4/10/2017 11:10:56, Info: ProjectInfo successfully initialized.
4/10/2017 11:10:57, Info: Verifying archive C:\Christophe\Engineering\Subversion\Partners\Source Code\KNX\KNX v 3.2\Crestron KNX v3.2\CrestronKNXLibrary.clz...
4/10/2017 11:10:58, Info: Saving project information...
4/10/2017 11:10:59, Info: Verifying archive C:\Christophe\Engineering\Subversion\Partners\Source Code\KNX\KNX v 3.2\Crestron KNX v3.2\CrestronKNXLibrary.clz...
4/10/2017 11:11:00, Info: Saving project information...
4/10/2017 11:11:01, Info: Verifying archive C:\Christophe\Engineering\Subversion\Partners\Source Code\KNX\KNX v 3.2\Crestron KNX v3.2\CrestronKNXLibrary.clz...
4/10/2017 11:11:01, Info: Saving project information...
4/10/2017 11:11:02, Info: Verifying archive C:\Christophe\Engineering\Subversion\Partners\Source Code\KNX\KNX v 3.2\Crestron KNX v3.2\CrestronKNXLibrary.clz...
4/10/2017 11:11:03, Info: Saving project information...
4/10/2017 11:11:04, Info: Verifying archive C:\Christophe\Engineering\Subversion\Partners\Source Code\KNX\KNX v 3.2\Crestron KNX v3.2\CrestronKNXLibrary.clz...
4/10/2017 11:11:05, Info: Saving project information...
4/10/2017 11:11:06, Info: Verifying archive C:\Christophe\Engineering\Subversion\Partners\Source Code\KNX\KNX v 3.2\Crestron KNX v3.2\CrestronKNXLibrary.clz...
4/10/2017 11:11:07, Info: Saving project information...
4/10/2017 11:11:08, Info: Verifying archive C:\Christophe\Engineering\Subversion\Partners\Source Code\KNX\KNX v 3.2\Crestron KNX v3.2\CrestronKNXLibrary.clz...
4/10/2017 11:11:08, Info: Saving project information...
4/10/2017 11:11:09, Info: Verifying archive C:\Christophe\Engineering\Subversion\Partners\Source Code\KNX\KNX v 3.2\Crestron KNX v3.2\CrestronKNXLibrary.clz...
4/10/2017 11:11:10, Info: Saving project information...
4/10/2017 11:11:11, Info: Verifying archive C:\Christophe\Engineering\Subversion\Partners\Source Code\KNX\KNX v 3.2\Crestron KNX v3.2\CrestronKNXLibrary.clz...
4/10/2017 11:11:12, Info: Saving project information...
4/10/2017 11:11:13, Info: Verifying archive C:\Christophe\Engineering\Subversion\Partners\Source Code\KNX\KNX v 3.2\Crestron KNX v3.2\CrestronKNXLibrary.clz...
4/10/2017 11:11:13, Info: Saving project information...
4/10/2017 11:11:14, Info: Verifying archive C:\Christophe\Engineering\Subversion\Partners\Source Code\KNX\KNX v 3.2\Crestron KNX v3.2\CrestronKNXLibrary.clz...
4/10/2017 11:11:15, Info: Saving project information...
4/10/2017 11:11:16, Info: Verifying archive C:\Christophe\Engineering\Subversion\Partners\Source Code\KNX\KNX v 3.2\Crestron KNX v3.2\CrestronKNXLibrary.clz...
4/10/2017 11:11:17, Info: Saving project information...
4/10/2017 11:11:18, Info: Commiting verification transaction...
4/10/2017 11:11:18, Info: Saving project information...
4/10/2017 11:11:54, Info: Initializing SIMPLSharp Services...
4/10/2017 11:11:55, Info: ProjectInfo successfully initialized.
4/10/2017 11:11:55, Info: Verifying archive C:\Christophe\Engineering\Subversion\Partners\Source Code\KNX\KNX v 3.2\Crestron KNX v3.2\CrestronKNXLibrary.clz...
4/10/2017 11:11:56, Info: Saving project information...
4/10/2017 11:11:57, Info: Verifying archive C:\Christophe\Engineering\Subversion\Partners\Source Code\KNX\KNX v 3.2\Crestron KNX v3.2\CrestronKNXLibrary.clz...
4/10/2017 11:11:58, Info: Saving project information...
4/10/2017 11:11:59, Info: Verifying archive C:\Christophe\Engineering\Subversion\Partners\Source Code\KNX\KNX v 3.2\Crestron KNX v3.2\CrestronKNXLibrary.clz...
4/10/2017 11:12:00, Info: Saving project information...
4/10/2017 11:12:01, Info: Verifying archive C:\Christophe\Engineering\Subversion\Partners\Source Code\KNX\KNX v 3.2\Crestron KNX v3.2\CrestronKNXLibrary.clz...
4/10/2017 11:12:02, Info: Saving project information...
4/10/2017 11:12:03, Info: Verifying archive C:\Christophe\Engineering\Subversion\Partners\Source Code\KNX\KNX v 3.2\Crestron KNX v3.2\CrestronKNXLibrary.clz...
4/10/2017 11:12:03, Info: Saving project information...
4/10/2017 11:12:04, Info: Verifying archive C:\Christophe\Engineering\Subversion\Partners\Source Code\KNX\KNX v 3.2\Crestron KNX v3.2\CrestronKNXLibrary.clz...
4/10/2017 11:12:05, Info: Saving project information...
4/10/2017 11:12:06, Info: Verifying archive C:\Christophe\Engineering\Subversion\Partners\Source Code\KNX\KNX v 3.2\Crestron KNX v3.2\CrestronKNXLibrary.clz...
4/10/2017 11:12:07, Info: Saving project information...
4/10/2017 11:12:08, Info: Verifying archive C:\Christophe\Engineering\Subversion\Partners\Source Code\KNX\KNX v 3.2\Crestron KNX v3.2\CrestronKNXLibrary.clz...
4/10/2017 11:12:09, Info: Saving project information...
4/10/2017 11:12:10, Info: Verifying archive C:\Christophe\Engineering\Subversion\Partners\Source Code\KNX\KNX v 3.2\Crestron KNX v3.2\CrestronKNXLibrary.clz...
4/10/2017 11:12:10, Info: Saving project information...
4/10/2017 11:12:11, Info: Verifying archive C:\Christophe\Engineering\Subversion\Partners\Source Code\KNX\KNX v 3.2\Crestron KNX v3.2\CrestronKNXLibrary.clz...
4/10/2017 11:12:12, Info: Saving project information...
4/10/2017 11:12:13, Info: Verifying archive C:\Christophe\Engineering\Subversion\Partners\Source Code\KNX\KNX v 3.2\Crestron KNX v3.2\CrestronKNXLibrary.clz...
4/10/2017 11:12:14, Info: Saving project information...
4/10/2017 11:12:15, Info: Verifying archive C:\Christophe\Engineering\Subversion\Partners\Source Code\KNX\KNX v 3.2\Crestron KNX v3.2\CrestronKNXLibrary.clz...
4/10/2017 11:12:16, Info: Saving project information...
4/10/2017 11:12:18, Info: Commiting verification transaction...
4/10/2017 11:12:18, Info: Saving project information...
4/10/2017 11:15:25, Info: Initializing SIMPLSharp Services...
4/10/2017 11:15:25, Info: ProjectInfo successfully initialized.
4/10/2017 11:15:26, Info: Verifying archive C:\Christophe\Engineering\Subversion\Partners\Source Code\KNX\KNX v 3.2\Crestron KNX v3.2\CrestronKNXLibrary.clz...
4/10/2017 11:15:27, Info: Saving project information...
4/10/2017 11:15:28, Info: Verifying archive C:\Christophe\Engineering\Subversion\Partners\Source Code\KNX\KNX v 3.2\Crestron KNX v3.2\CrestronKNXLibrary.clz...
4/10/2017 11:15:29, Info: Saving project information...
4/10/2017 11:15:30, Info: Verifying archive C:\Christophe\Engineering\Subversion\Partners\Source Code\KNX\KNX v 3.2\Crestron KNX v3.2\CrestronKNXLibrary.clz...
4/10/2017 11:15:31, Info: Saving project information...
4/10/2017 11:15:32, Info: Verifying archive C:\Christophe\Engineering\Subversion\Partners\Source Code\KNX\KNX v 3.2\Crestron KNX v3.2\CrestronKNXLibrary.clz...
4/10/2017 11:15:33, Info: Saving project information...
4/10/2017 11:15:33, Info: Verifying archive C:\Christophe\Engineering\Subversion\Partners\Source Code\KNX\KNX v 3.2\Crestron KNX v3.2\CrestronKNXLibrary.clz...
4/10/2017 11:15:34, Info: Saving project information...
4/10/2017 11:15:35, Info: Verifying archive C:\Christophe\Engineering\Subversion\Partners\Source Code\KNX\KNX v 3.2\Crestron KNX v3.2\CrestronKNXLibrary.clz...
4/10/2017 11:15:36, Info: Saving project information...
4/10/2017 11:15:37, Info: Verifying archive C:\Christophe\Engineering\Subversion\Partners\Source Code\KNX\KNX v 3.2\Crestron KNX v3.2\CrestronKNXLibrary.clz...
4/10/2017 11:15:38, Info: Saving project information...
4/10/2017 11:15:39, Info: Verifying archive C:\Christophe\Engineering\Subversion\Partners\Source Code\KNX\KNX v 3.2\Crestron KNX v3.2\CrestronKNXLibrary.clz...
4/10/2017 11:15:39, Info: Saving project information...
4/10/2017 11:15:40, Info: Verifying archive C:\Christophe\Engineering\Subversion\Partners\Source Code\KNX\KNX v 3.2\Crestron KNX v3.2\CrestronKNXLibrary.clz...
4/10/2017 11:15:41, Info: Saving project information...
4/10/2017 11:15:42, Info: Verifying archive C:\Christophe\Engineering\Subversion\Partners\Source Code\KNX\KNX v 3.2\Crestron KNX v3.2\CrestronKNXLibrary.clz...
4/10/2017 11:15:43, Info: Saving project information...
4/10/2017 11:15:44, Info: Verifying archive C:\Christophe\Engineering\Subversion\Partners\Source Code\KNX\KNX v 3.2\Crestron KNX v3.2\CrestronKNXLibrary.clz...
4/10/2017 11:15:45, Info: Saving project information...
4/10/2017 11:15:46, Info: Verifying archive C:\Christophe\Engineering\Subversion\Partners\Source Code\KNX\KNX v 3.2\Crestron KNX v3.2\CrestronKNXLibrary.clz...
4/10/2017 11:15:46, Info: Saving project information...
4/10/2017 11:15:48, Info: Commiting verification transaction...
4/10/2017 11:15:48, Info: Saving project information...
4/10/2017 11:54:52, Info: Initializing SIMPLSharp Services...
4/10/2017 11:54:52, Info: ProjectInfo successfully initialized.
4/10/2017 11:54:54, Info: Verifying archive C:\Christophe\Engineering\Subversion\Partners\Source Code\KNX\KNX v 3.2\Crestron KNX v3.2\CrestronKNXLibrary.clz...
4/10/2017 11:54:55, Info: Saving project information...
4/10/2017 11:54:56, Info: Verifying archive C:\Christophe\Engineering\Subversion\Partners\Source Code\KNX\KNX v 3.2\Crestron KNX v3.2\CrestronKNXLibrary.clz...
4/10/2017 11:54:57, Info: Saving project information...
4/10/2017 11:54:58, Info: Verifying archive C:\Christophe\Engineering\Subversion\Partners\Source Code\KNX\KNX v 3.2\Crestron KNX v3.2\CrestronKNXLibrary.clz...
4/10/2017 11:54:59, Info: Saving project information...
4/10/2017 11:55:00, Info: Verifying archive C:\Christophe\Engineering\Subversion\Partners\Source Code\KNX\KNX v 3.2\Crestron KNX v3.2\CrestronKNXLibrary.clz...
4/10/2017 11:55:00, Info: Saving project information...
4/10/2017 11:55:01, Info: Verifying archive C:\Christophe\Engineering\Subversion\Partners\Source Code\KNX\KNX v 3.2\Crestron KNX v3.2\CrestronKNXLibrary.clz...
4/10/2017 11:55:02, Info: Saving project information...
4/10/2017 11:55:03, Info: Verifying archive C:\Christophe\Engineering\Subversion\Partners\Source Code\KNX\KNX v 3.2\Crestron KNX v3.2\CrestronKNXLibrary.clz...
4/10/2017 11:55:04, Info: Saving project information...
4/10/2017 11:55:05, Info: Verifying archive C:\Christophe\Engineering\Subversion\Partners\Source Code\KNX\KNX v 3.2\Crestron KNX v3.2\CrestronKNXLibrary.clz...
4/10/2017 11:55:06, Info: Saving project information...
4/10/2017 11:55:07, Info: Verifying archive C:\Christophe\Engineering\Subversion\Partners\Source Code\KNX\KNX v 3.2\Crestron KNX v3.2\CrestronKNXLibrary.clz...
4/10/2017 11:55:07, Info: Saving project information...
4/10/2017 11:55:08, Info: Verifying archive C:\Christophe\Engineering\Subversion\Partners\Source Code\KNX\KNX v 3.2\Crestron KNX v3.2\CrestronKNXLibrary.clz...
4/10/2017 11:55:09, Info: Saving project information...
